<?xml version="1.0" encoding="UTF-8"?>
<testsuite name="runner.TestRunner" time="523.769" tests="12" errors="0" skipped="0" failures="4">
  <properties>
    <property name="jansi.mode" value="strip"/>
    <property name="java.runtime.name" value="Java(TM) SE Runtime Environment"/>
    <property name="java.vm.version" value="16+36-2231"/>
    <property name="sun.boot.library.path" value="C:\Program Files\Java\jdk-16\bin"/>
    <property name="maven.multiModuleProjectDirectory" value="C:\Users\APathrut\eclipse-workspace\e2colitmus\E2CO%20Automation"/>
    <property name="java.vm.vendor" value="Oracle Corporation"/>
    <property name="java.vendor.url" value="https://java.oracle.com/"/>
    <property name="guice.disable.misplaced.annotation.check" value="true"/>
    <property name="path.separator" value=";"/>
    <property name="java.vm.name" value="Java HotSpot(TM) 64-Bit Server VM"/>
    <property name="sun.os.patch.level" value=""/>
    <property name="user.script" value=""/>
    <property name="user.country" value="IN"/>
    <property name="sun.java.launcher" value="SUN_STANDARD"/>
    <property name="java.vm.specification.name" value="Java Virtual Machine Specification"/>
    <property name="user.dir" value="C:\Users\APathrut\eclipse-workspace\e2colitmus\E2CO%20Automation"/>
    <property name="java.vm.compressedOopsMode" value="Zero based"/>
    <property name="java.runtime.version" value="16+36-2231"/>
    <property name="os.arch" value="amd64"/>
    <property name="java.io.tmpdir" value="C:\Users\APathrut\AppData\Local\Temp\"/>
    <property name="line.separator" value="&#10;"/>
    <property name="java.vm.specification.vendor" value="Oracle Corporation"/>
    <property name="user.variant" value=""/>
    <property name="os.name" value="Windows 10"/>
    <property name="classworlds.conf" value="C:\Users\APathrut\eclipse-workspace\.metadata\.plugins\org.eclipse.m2e.launching\launches\m2conf12688064859014416154.tmp"/>
    <property name="sun.jnu.encoding" value="Cp1252"/>
    <property name="java.library.path" value="C:\Program Files\Java\jdk-16\bin;C:\WINDOWS\Sun\Java\bin;C:\WINDOWS\system32;C:\WINDOWS;C:/Program Files/Eclipse Foundation/jdk-11.0.12.7-hotspot/bin/server;C:/Program Files/Eclipse Foundation/jdk-11.0.12.7-hotspot/bin;C:\Program Files (x86)\Python38-32\Scripts\;C:\Program Files (x86)\Python38-32\;C:\Program Files\Eclipse Foundation\jdk-11.0.12.7-hotspot\bin;C:\WINDOWS\system32;C:\WINDOWS;C:\WINDOWS\System32\Wbem;C:\WINDOWS\System32\WindowsPowerShell\v1.0\;C:\WINDOWS\System32\OpenSSH\;C:\Program Files\Eclipse Foundation\jdk-11.0.12.7-hotspot\bin;C:\Users\APathrut\OneDrive - Capgemini\Desktop\Maven\apache-maven-3.8.5\bin;C:\Program Files\nodejs\;C:\Users\APathrut\Downloads\commandlinetools-win-8512546_latest\cmdline-tools\bin;C:\Users\APathrut\AppData\Local\Android\Sdk\platform-tools;C:\Program Files\Git\cmd;C:\Program Files\PuTTY\;C:\Users\APathrut\AppData\Local\Microsoft\WindowsApps;;C:\Users\APathrut\OneDrive - Capgemini\Desktop;;."/>
    <property name="jdk.debug" value="release"/>
    <property name="java.class.version" value="60.0"/>
    <property name="java.specification.name" value="Java Platform API Specification"/>
    <property name="sun.management.compiler" value="HotSpot 64-Bit Tiered Compilers"/>
    <property name="os.version" value="10.0"/>
    <property name="user.home" value="C:\Users\APathrut"/>
    <property name="user.timezone" value="Asia/Calcutta"/>
    <property name="file.encoding" value="Cp1252"/>
    <property name="java.specification.version" value="16"/>
    <property name="user.name" value="apathrut"/>
    <property name="java.class.path" value="C:\Users\APathrut\.p2\pool\plugins\org.eclipse.m2e.maven.runtime_1.18.3.20220227-1319\jars\plexus-classworlds-2.6.0.jar"/>
    <property name="java.vm.specification.version" value="16"/>
    <property name="sun.arch.data.model" value="64"/>
    <property name="sun.java.command" value="org.codehaus.plexus.classworlds.launcher.Launcher -B test"/>
    <property name="java.home" value="C:\Program Files\Java\jdk-16"/>
    <property name="user.language" value="en"/>
    <property name="java.specification.vendor" value="Oracle Corporation"/>
    <property name="java.vm.info" value="mixed mode, sharing"/>
    <property name="java.version" value="16"/>
    <property name="java.vendor" value="Oracle Corporation"/>
    <property name="maven.home" value="C:\Users\APathrut\eclipse-workspace\e2colitmus\E2CO%20Automation\EMBEDDED"/>
    <property name="file.separator" value="\"/>
    <property name="java.version.date" value="2021-03-16"/>
    <property name="java.vendor.url.bug" value="https://bugreport.java.com/bugreport/"/>
    <property name="sun.io.unicode.encoding" value="UnicodeLittle"/>
    <property name="sun.cpu.endian" value="little"/>
    <property name="sun.cpu.isalist" value="amd64"/>
  </properties>
  <testcase name="runScenario" classname="runner.TestRunner" time="47.856">
    <failure message="no such element: Unable to locate element: {&quot;method&quot;:&quot;xpath&quot;,&quot;selector&quot;:&quot;//div[contains(text(),&apos;Artifact Deleted !&apos;)]&quot;}&#10;  (Session info: chrome=110.0.5481.77)&#10;For documentation on this error, please visit: https://selenium.dev/exceptions/#no_such_element&#10;Build info: version: &apos;4.1.1&apos;, revision: &apos;e8fcc2cecf&apos;&#10;System info: host: &apos;LIN24010693&apos;, ip: &apos;192.168.1.207&apos;, os.name: &apos;Windows 10&apos;, os.arch: &apos;amd64&apos;, os.version: &apos;10.0&apos;, java.version: &apos;16&apos;&#10;Driver info: org.openqa.selenium.chrome.ChromeDriver&#10;Command: [eb880f535166bb6d3dec3b710eed0862, findElement {using=xpath, value=//div[contains(text(),&apos;Artifact Deleted !&apos;)]}]&#10;Capabilities {acceptInsecureCerts: false, browserName: chrome, browserVersion: 110.0.5481.77, chrome: {chromedriverVersion: 110.0.5481.77 (65ed616c6e8e..., userDataDir: C:\Program Files (x86)\scop...}, goog:chromeOptions: {debuggerAddress: localhost:52597}, javascriptEnabled: true, networkConnectionEnabled: false, pageLoadStrategy: eager, platform: WINDOWS, platformName: WINDOWS, proxy: Proxy(), se:cdp: ws://localhost:52597/devtoo..., se:cdpVersion: 110.0.5481.77, setWindowRect: true, strictFileInteractability: false, timeouts: {implicit: 0, pageLoad: 300000, script: 30000}, unhandledPromptBehavior: dismiss and notify, webauthn:extension:credBlob: true, webauthn:extension:largeBlob: true, webauthn:virtualAuthenticators: true}&#10;Session ID: eb880f535166bb6d3dec3b710eed0862" type="org.openqa.selenium.NoSuchElementException">org.openqa.selenium.NoSuchElementException: no such element: Unable to locate element: {"method":"xpath","selector":"//div[contains(text(),'Artifact Deleted !')]"}
  (Session info: chrome=110.0.5481.77)
For documentation on this error, please visit: https://selenium.dev/exceptions/#no_such_element
Build info: version: '4.1.1', revision: 'e8fcc2cecf'
System info: host: 'LIN24010693', ip: '192.168.1.207', os.name: 'Windows 10', os.arch: 'amd64', os.version: '10.0', java.version: '16'
Driver info: org.openqa.selenium.chrome.ChromeDriver
Command: [eb880f535166bb6d3dec3b710eed0862, findElement {using=xpath, value=//div[contains(text(),'Artifact Deleted !')]}]
Capabilities {acceptInsecureCerts: false, browserName: chrome, browserVersion: 110.0.5481.77, chrome: {chromedriverVersion: 110.0.5481.77 (65ed616c6e8e..., userDataDir: C:\Program Files (x86)\scop...}, goog:chromeOptions: {debuggerAddress: localhost:52597}, javascriptEnabled: true, networkConnectionEnabled: false, pageLoadStrategy: eager, platform: WINDOWS, platformName: WINDOWS, proxy: Proxy(), se:cdp: ws://localhost:52597/devtoo..., se:cdpVersion: 110.0.5481.77, setWindowRect: true, strictFileInteractability: false, timeouts: {implicit: 0, pageLoad: 300000, script: 30000}, unhandledPromptBehavior: dismiss and notify, webauthn:extension:credBlob: true, webauthn:extension:largeBlob: true, webauthn:virtualAuthenticators: true}
Session ID: eb880f535166bb6d3dec3b710eed0862
	at java.base/jdk.internal.reflect.NativeConstructorAccessorImpl.newInstance0(Native Method)
	at java.base/jdk.internal.reflect.NativeConstructorAccessorImpl.newInstance(NativeConstructorAccessorImpl.java:78)
	at java.base/jdk.internal.reflect.DelegatingConstructorAccessorImpl.newInstance(DelegatingConstructorAccessorImpl.java:45)
	at java.base/java.lang.reflect.Constructor.newInstanceWithCaller(Constructor.java:499)
	at java.base/java.lang.reflect.Constructor.newInstance(Constructor.java:480)
	at org.openqa.selenium.remote.codec.w3c.W3CHttpResponseCodec.createException(W3CHttpResponseCodec.java:200)
	at org.openqa.selenium.remote.codec.w3c.W3CHttpResponseCodec.decode(W3CHttpResponseCodec.java:133)
	at org.openqa.selenium.remote.codec.w3c.W3CHttpResponseCodec.decode(W3CHttpResponseCodec.java:53)
	at org.openqa.selenium.remote.HttpCommandExecutor.execute(HttpCommandExecutor.java:184)
	at org.openqa.selenium.remote.service.DriverCommandExecutor.invokeExecute(DriverCommandExecutor.java:167)
	at org.openqa.selenium.remote.service.DriverCommandExecutor.execute(DriverCommandExecutor.java:142)
	at org.openqa.selenium.remote.RemoteWebDriver.execute(RemoteWebDriver.java:543)
	at org.openqa.selenium.remote.ElementLocation$ElementFinder$2.findElement(ElementLocation.java:162)
	at org.openqa.selenium.remote.ElementLocation.findElement(ElementLocation.java:60)
	at org.openqa.selenium.remote.RemoteWebDriver.findElement(RemoteWebDriver.java:367)
	at org.openqa.selenium.remote.RemoteWebDriver.findElement(RemoteWebDriver.java:359)
	at com.epam.healenium.handlers.proxy.BaseHandler.findElement(BaseHandler.java:62)
	at com.epam.healenium.handlers.proxy.SelfHealingProxyInvocationHandler.invoke(SelfHealingProxyInvocationHandler.java:39)
	at jdk.proxy2/jdk.proxy2.$Proxy41.findElement(Unknown Source)
	at org.openqa.selenium.support.pagefactory.DefaultElementLocator.findElement(DefaultElementLocator.java:70)
	at org.openqa.selenium.support.pagefactory.internal.LocatingElementHandler.invoke(LocatingElementHandler.java:39)
	at jdk.proxy2/jdk.proxy2.$Proxy45.isDisplayed(Unknown Source)
	at com.sogeti.automation.test.pageFactory.E2CO_MyApplicationPage.verifyArtifactIsDeletedMessage(E2CO_MyApplicationPage.java:298)
	at stepdefinitions.E2COTestSteps.verifyUserNotAbleToSeeDeletedArtifact(E2COTestSteps.java:551)
	at ✽.user is not able to find the deleted artifactId(file:///C:/Users/APathrut/eclipse-workspace/e2colitmus/E2CO%2520Automation/src/test/resources/Features/WebUITests/E2COTests_MyApplication.feature:38)
</failure>
    <system-out><![CDATA[Configuring TestNG with: TestNG652Configurator

@myapplication
Scenario Outline: user able to delete artifact                    # src/test/resources/Features/WebUITests/E2COTests_MyApplication.feature:41
2023-02-13 21:49:40,005 [INFO] [qa.properties] Received parameter 'TestEnvironment' = QA
2023-02-13 21:49:40,016 [INFO] [qa.properties] Received parameter 'ExecutionServer' = Local
2023-02-13 21:49:40,016 [INFO] [qa.properties] Received parameter 'InterfaceType' = Web
2023-02-13 21:49:40,016 [INFO] [qa.properties] Received parameter 'DefaultDownloadPath' = ./src/test/resources/Downloads
2023-02-13 21:49:40,016 [INFO] [qa.properties] Received parameter 'AZURE_KEYVAULT_URL' = 
2023-02-13 21:49:40,016 [INFO] [qa.properties] Received parameter 'TestBrowser' = chrome
2023-02-13 21:49:40,016 [INFO] [qa.properties] Received parameter 'UI_BASE_URL' = https://10.139.9.7:31012/MEC/login
2023-02-13 21:49:40,016 [INFO] [qa.properties] Received parameter 'GRID_HUB_PORT' = 4444
2023-02-13 21:49:40,016 [INFO] [qa.properties] Received parameter 'GRID_HUB_IP' = localhost
2023-02-13 21:49:40,016 [INFO] [qa.properties] Received parameter 'UI_USERNAME' = admin
2023-02-13 21:49:40,016 [INFO] [qa.properties] Received parameter 'UI_PASSWORD' = Admin@1234
2023-02-13 21:49:40,016 [INFO] [qa.properties] Received parameter 'UI_DEVUSERNAME' = dev01
2023-02-13 21:49:40,016 [INFO] [qa.properties] Received parameter 'UI_DEVPASSWORD' = Admin@1234
2023-02-13 21:49:40,016 [INFO] [qa.properties] Received parameter 'ScreenshotEnable' = true
2023-02-13 21:49:40,016 [INFO] [qa.properties] Initializing self healing driver
2023-02-13 21:49:44,934 [INFO] [LOCAL, CHROME] New driver instantiated.
2023-02-13 21:49:48,739 [INFO] [LOCAL, qa.properties] Received parameter 'TestEnvironment' = QA
2023-02-13 21:49:48,744 [INFO] [LOCAL, CommonSteps] Scenario Name: user able to delete artifact
2023-02-13 21:49:48,752 [INFO] [LOCAL, qa.properties] Received parameter 'TestEnvironment' = QA
2023-02-13 21:49:49,179 [INFO] [LOCAL, E2COTestSteps] Entered username
2023-02-13 21:49:49,349 [INFO] [LOCAL, E2COTestSteps] Entered password
  When user logs into MEC portalAdmin                             # stepdefinitions.E2COTestSteps.login(java.lang.String)

    Embedding user able to delete artifact [image/png 499379 bytes]

  And user is on Dashboard page                                   # stepdefinitions.E2COTestSteps.verifyUserisOnDashboard()

    Embedding user able to delete artifact [image/png 113990 bytes]

2023-02-13 21:49:50,715 [INFO] [LOCAL, E2COTestSteps] Clicked on my application menu
  And user clicks on my application                               # stepdefinitions.E2COTestSteps.clickOnMyApplication()

    Embedding user able to delete artifact [image/png 72748 bytes]

  Then user is on my application page                             # stepdefinitions.E2COTestSteps.verifyUserIsOnMyApplicationPage()

    Embedding user able to delete artifact [image/png 72748 bytes]

  When user clicks on new application                             # stepdefinitions.E2COTestSteps.clickOnNewApplication()

    Embedding user able to delete artifact [image/png 67973 bytes]

  Then user is on new application page                            # stepdefinitions.E2COTestSteps.verifyUserIsOnNewApplicationPage()

    Embedding user able to delete artifact [image/png 67973 bytes]

2023-02-13 21:49:55,794 [INFO] [LOCAL, E2COTestSteps] Selected container
2023-02-13 21:49:55,794 [INFO] [LOCAL, E2COTestSteps] Container as service selected
  When user selects from where to artifact is to delete container # stepdefinitions.E2COTestSteps.selectService(java.lang.String)

    Embedding user able to delete artifact [image/png 68189 bytes]

  Then user is able to see that service container                 # stepdefinitions.E2COTestSteps.verifySelectedMenuIsVisible(java.lang.String)

    Embedding user able to delete artifact [image/png 68189 bytes]

2023-02-13 21:49:58,265 [INFO] [LOCAL, E2COTestSteps] Clicked on select artifact
  When user clicks on select artifact                             # stepdefinitions.E2COTestSteps.selectArtifact()

    Embedding user able to delete artifact [image/png 116551 bytes]

2023-02-13 21:50:00,482 [INFO] [LOCAL, E2COTestSteps] Artifact List is displayed
39
  Then user able to see artifacts uploaded                        # stepdefinitions.E2COTestSteps.userIsAbleTOSeeArtifact()

    Embedding user able to delete artifact [image/png 116551 bytes]

APN009
  When user selects the artifactid for delete                     # stepdefinitions.E2COTestSteps.selectTheArtifactId()

    Embedding user able to delete artifact [image/png 116997 bytes]

2023-02-13 21:50:11,151 [INFO] [LOCAL, E2COTestSteps] Clicked Delete Button
2023-02-13 21:50:11,265 [INFO] [LOCAL, E2COTestSteps] Confirmed for deletion of artiofact
  And user clicks on delete button                                # stepdefinitions.E2COTestSteps.clicksOnDeleteButton()

    Embedding user able to delete artifact [image/png 116557 bytes]

  Then user is not able to find the deleted artifactId            # stepdefinitions.E2COTestSteps.verifyUserNotAbleToSeeDeletedArtifact()
      org.openqa.selenium.NoSuchElementException: no such element: Unable to locate element: {"method":"xpath","selector":"//div[contains(text(),'Artifact Deleted !')]"}
  (Session info: chrome=110.0.5481.77)
For documentation on this error, please visit: https://selenium.dev/exceptions/#no_such_element
Build info: version: '4.1.1', revision: 'e8fcc2cecf'
System info: host: 'LIN24010693', ip: '192.168.1.207', os.name: 'Windows 10', os.arch: 'amd64', os.version: '10.0', java.version: '16'
Driver info: org.openqa.selenium.chrome.ChromeDriver
Command: [eb880f535166bb6d3dec3b710eed0862, findElement {using=xpath, value=//div[contains(text(),'Artifact Deleted !')]}]
Capabilities {acceptInsecureCerts: false, browserName: chrome, browserVersion: 110.0.5481.77, chrome: {chromedriverVersion: 110.0.5481.77 (65ed616c6e8e..., userDataDir: C:\Program Files (x86)\scop...}, goog:chromeOptions: {debuggerAddress: localhost:52597}, javascriptEnabled: true, networkConnectionEnabled: false, pageLoadStrategy: eager, platform: WINDOWS, platformName: WINDOWS, proxy: Proxy(), se:cdp: ws://localhost:52597/devtoo..., se:cdpVersion: 110.0.5481.77, setWindowRect: true, strictFileInteractability: false, timeouts: {implicit: 0, pageLoad: 300000, script: 30000}, unhandledPromptBehavior: dismiss and notify, webauthn:extension:credBlob: true, webauthn:extension:largeBlob: true, webauthn:virtualAuthenticators: true}
Session ID: eb880f535166bb6d3dec3b710eed0862
	at java.base/jdk.internal.reflect.NativeConstructorAccessorImpl.newInstance0(Native Method)
	at java.base/jdk.internal.reflect.NativeConstructorAccessorImpl.newInstance(NativeConstructorAccessorImpl.java:78)
	at java.base/jdk.internal.reflect.DelegatingConstructorAccessorImpl.newInstance(DelegatingConstructorAccessorImpl.java:45)
	at java.base/java.lang.reflect.Constructor.newInstanceWithCaller(Constructor.java:499)
	at java.base/java.lang.reflect.Constructor.newInstance(Constructor.java:480)
	at org.openqa.selenium.remote.codec.w3c.W3CHttpResponseCodec.createException(W3CHttpResponseCodec.java:200)
	at org.openqa.selenium.remote.codec.w3c.W3CHttpResponseCodec.decode(W3CHttpResponseCodec.java:133)
	at org.openqa.selenium.remote.codec.w3c.W3CHttpResponseCodec.decode(W3CHttpResponseCodec.java:53)
	at org.openqa.selenium.remote.HttpCommandExecutor.execute(HttpCommandExecutor.java:184)
	at org.openqa.selenium.remote.service.DriverCommandExecutor.invokeExecute(DriverCommandExecutor.java:167)
	at org.openqa.selenium.remote.service.DriverCommandExecutor.execute(DriverCommandExecutor.java:142)
	at org.openqa.selenium.remote.RemoteWebDriver.execute(RemoteWebDriver.java:543)
	at org.openqa.selenium.remote.ElementLocation$ElementFinder$2.findElement(ElementLocation.java:162)
	at org.openqa.selenium.remote.ElementLocation.findElement(ElementLocation.java:60)
	at org.openqa.selenium.remote.RemoteWebDriver.findElement(RemoteWebDriver.java:367)
	at org.openqa.selenium.remote.RemoteWebDriver.findElement(RemoteWebDriver.java:359)
	at com.epam.healenium.handlers.proxy.BaseHandler.findElement(BaseHandler.java:62)
	at com.epam.healenium.handlers.proxy.SelfHealingProxyInvocationHandler.invoke(SelfHealingProxyInvocationHandler.java:39)
	at jdk.proxy2/jdk.proxy2.$Proxy41.findElement(Unknown Source)
	at org.openqa.selenium.support.pagefactory.DefaultElementLocator.findElement(DefaultElementLocator.java:70)
	at org.openqa.selenium.support.pagefactory.internal.LocatingElementHandler.invoke(LocatingElementHandler.java:39)
	at jdk.proxy2/jdk.proxy2.$Proxy45.isDisplayed(Unknown Source)
	at com.sogeti.automation.test.pageFactory.E2CO_MyApplicationPage.verifyArtifactIsDeletedMessage(E2CO_MyApplicationPage.java:298)
	at stepdefinitions.E2COTestSteps.verifyUserNotAbleToSeeDeletedArtifact(E2COTestSteps.java:551)
	at âœ½.user is not able to find the deleted artifactId(file:///C:/Users/APathrut/eclipse-workspace/e2colitmus/E2CO%2520Automation/src/test/resources/Features/WebUITests/E2COTests_MyApplication.feature:38)


    Embedding user able to delete artifact [image/png 116557 bytes]

2023-02-13 21:50:27,067 [INFO] [LOCAL, E2COTestSteps] Execution status is: FAILED
]]></system-out>
    <system-err><![CDATA[[main] INFO io.github.bonigarcia.wdm.cache.ResolutionCache - Clearing WebDriverManager resolution cache
[main] INFO io.github.bonigarcia.wdm.WebDriverManager - Using chromedriver 110.0.5481.77 (resolved driver for Chrome 110)
[main] INFO io.github.bonigarcia.wdm.WebDriverManager - Exporting webdriver.chrome.driver as C:\Users\APathrut\.cache\selenium\chromedriver\win32\110.0.5481.77\chromedriver.exe
Starting ChromeDriver 110.0.5481.77 (65ed616c6e8ee3fe0ad64fe83796c020644d42af-refs/branch-heads/5481@{#839}) on port 58019
Only local connections are allowed.
Please see https://chromedriver.chromium.org/security-considerations for suggestions on keeping ChromeDriver safe.
ChromeDriver was started successfully.
[1676305183.958][WARNING]: virtual void DevToolsClientImpl::AddListener(DevToolsEventListener *) subscribing a listener to the already connected DevToolsClient. Connection notification will not arrive.
Feb 13, 2023 9:49:44 PM org.openqa.selenium.remote.ProtocolHandshake createSession
INFO: Detected dialect: W3C
Feb 13, 2023 9:49:44 PM org.openqa.selenium.devtools.CdpVersionFinder findNearestMatch
WARNING: Unable to find an exact match for CDP version 110, so returning the closest version found: a no-op implementation
Feb 13, 2023 9:49:44 PM org.openqa.selenium.devtools.CdpVersionFinder findNearestMatch
INFO: Unable to find CDP implementation matching 110.
Feb 13, 2023 9:49:44 PM org.openqa.selenium.chromium.ChromiumDriver lambda$new$3
WARNING: Unable to find version of CDP to use for . You may need to include a dependency on a specific version of the CDP using something similar to `org.seleniumhq.selenium:selenium-devtools-v86:4.1.1` where the version ("v86") matches the version of the chromium-based browser you're using and the version number of the artifact is the same as Selenium's.
4
]]></system-err>
  </testcase>
  <testcase name="runScenario" classname="runner.TestRunner" time="44.439">
    <failure message="no such element: Unable to locate element: {&quot;method&quot;:&quot;xpath&quot;,&quot;selector&quot;:&quot;//div[contains(text(),&apos;Artifact Deleted !&apos;)]&quot;}&#10;  (Session info: chrome=110.0.5481.77)&#10;For documentation on this error, please visit: https://selenium.dev/exceptions/#no_such_element&#10;Build info: version: &apos;4.1.1&apos;, revision: &apos;e8fcc2cecf&apos;&#10;System info: host: &apos;LIN24010693&apos;, ip: &apos;192.168.1.207&apos;, os.name: &apos;Windows 10&apos;, os.arch: &apos;amd64&apos;, os.version: &apos;10.0&apos;, java.version: &apos;16&apos;&#10;Driver info: org.openqa.selenium.chrome.ChromeDriver&#10;Command: [726d5bc08a58a9e811e8e9217686769c, findElement {using=xpath, value=//div[contains(text(),&apos;Artifact Deleted !&apos;)]}]&#10;Capabilities {acceptInsecureCerts: false, browserName: chrome, browserVersion: 110.0.5481.77, chrome: {chromedriverVersion: 110.0.5481.77 (65ed616c6e8e..., userDataDir: C:\Program Files (x86)\scop...}, goog:chromeOptions: {debuggerAddress: localhost:52641}, javascriptEnabled: true, networkConnectionEnabled: false, pageLoadStrategy: eager, platform: WINDOWS, platformName: WINDOWS, proxy: Proxy(), se:cdp: ws://localhost:52641/devtoo..., se:cdpVersion: 110.0.5481.77, setWindowRect: true, strictFileInteractability: false, timeouts: {implicit: 0, pageLoad: 300000, script: 30000}, unhandledPromptBehavior: dismiss and notify, webauthn:extension:credBlob: true, webauthn:extension:largeBlob: true, webauthn:virtualAuthenticators: true}&#10;Session ID: 726d5bc08a58a9e811e8e9217686769c" type="org.openqa.selenium.NoSuchElementException">org.openqa.selenium.NoSuchElementException: no such element: Unable to locate element: {"method":"xpath","selector":"//div[contains(text(),'Artifact Deleted !')]"}
  (Session info: chrome=110.0.5481.77)
For documentation on this error, please visit: https://selenium.dev/exceptions/#no_such_element
Build info: version: '4.1.1', revision: 'e8fcc2cecf'
System info: host: 'LIN24010693', ip: '192.168.1.207', os.name: 'Windows 10', os.arch: 'amd64', os.version: '10.0', java.version: '16'
Driver info: org.openqa.selenium.chrome.ChromeDriver
Command: [726d5bc08a58a9e811e8e9217686769c, findElement {using=xpath, value=//div[contains(text(),'Artifact Deleted !')]}]
Capabilities {acceptInsecureCerts: false, browserName: chrome, browserVersion: 110.0.5481.77, chrome: {chromedriverVersion: 110.0.5481.77 (65ed616c6e8e..., userDataDir: C:\Program Files (x86)\scop...}, goog:chromeOptions: {debuggerAddress: localhost:52641}, javascriptEnabled: true, networkConnectionEnabled: false, pageLoadStrategy: eager, platform: WINDOWS, platformName: WINDOWS, proxy: Proxy(), se:cdp: ws://localhost:52641/devtoo..., se:cdpVersion: 110.0.5481.77, setWindowRect: true, strictFileInteractability: false, timeouts: {implicit: 0, pageLoad: 300000, script: 30000}, unhandledPromptBehavior: dismiss and notify, webauthn:extension:credBlob: true, webauthn:extension:largeBlob: true, webauthn:virtualAuthenticators: true}
Session ID: 726d5bc08a58a9e811e8e9217686769c
	at java.base/jdk.internal.reflect.NativeConstructorAccessorImpl.newInstance0(Native Method)
	at java.base/jdk.internal.reflect.NativeConstructorAccessorImpl.newInstance(NativeConstructorAccessorImpl.java:78)
	at java.base/jdk.internal.reflect.DelegatingConstructorAccessorImpl.newInstance(DelegatingConstructorAccessorImpl.java:45)
	at java.base/java.lang.reflect.Constructor.newInstanceWithCaller(Constructor.java:499)
	at java.base/java.lang.reflect.Constructor.newInstance(Constructor.java:480)
	at org.openqa.selenium.remote.codec.w3c.W3CHttpResponseCodec.createException(W3CHttpResponseCodec.java:200)
	at org.openqa.selenium.remote.codec.w3c.W3CHttpResponseCodec.decode(W3CHttpResponseCodec.java:133)
	at org.openqa.selenium.remote.codec.w3c.W3CHttpResponseCodec.decode(W3CHttpResponseCodec.java:53)
	at org.openqa.selenium.remote.HttpCommandExecutor.execute(HttpCommandExecutor.java:184)
	at org.openqa.selenium.remote.service.DriverCommandExecutor.invokeExecute(DriverCommandExecutor.java:167)
	at org.openqa.selenium.remote.service.DriverCommandExecutor.execute(DriverCommandExecutor.java:142)
	at org.openqa.selenium.remote.RemoteWebDriver.execute(RemoteWebDriver.java:543)
	at org.openqa.selenium.remote.ElementLocation$ElementFinder$2.findElement(ElementLocation.java:162)
	at org.openqa.selenium.remote.ElementLocation.findElement(ElementLocation.java:60)
	at org.openqa.selenium.remote.RemoteWebDriver.findElement(RemoteWebDriver.java:367)
	at org.openqa.selenium.remote.RemoteWebDriver.findElement(RemoteWebDriver.java:359)
	at com.epam.healenium.handlers.proxy.BaseHandler.findElement(BaseHandler.java:62)
	at com.epam.healenium.handlers.proxy.SelfHealingProxyInvocationHandler.invoke(SelfHealingProxyInvocationHandler.java:39)
	at jdk.proxy2/jdk.proxy2.$Proxy41.findElement(Unknown Source)
	at org.openqa.selenium.support.pagefactory.DefaultElementLocator.findElement(DefaultElementLocator.java:70)
	at org.openqa.selenium.support.pagefactory.internal.LocatingElementHandler.invoke(LocatingElementHandler.java:39)
	at jdk.proxy2/jdk.proxy2.$Proxy45.isDisplayed(Unknown Source)
	at com.sogeti.automation.test.pageFactory.E2CO_MyApplicationPage.verifyArtifactIsDeletedMessage(E2CO_MyApplicationPage.java:298)
	at stepdefinitions.E2COTestSteps.verifyUserNotAbleToSeeDeletedArtifact(E2COTestSteps.java:551)
	at ✽.user is not able to find the deleted artifactId(file:///C:/Users/APathrut/eclipse-workspace/e2colitmus/E2CO%2520Automation/src/test/resources/Features/WebUITests/E2COTests_MyApplication.feature:38)
</failure>
    <system-out><![CDATA[
@myapplication
Scenario Outline: user able to delete artifact                    # src/test/resources/Features/WebUITests/E2COTests_MyApplication.feature:42
2023-02-13 21:50:27,110 [INFO] [LOCAL, qa.properties] Received parameter 'TestEnvironment' = QA
2023-02-13 21:50:27,111 [INFO] [LOCAL, qa.properties] Initializing self healing driver
2023-02-13 21:50:30,432 [INFO] [LOCAL, LOCAL, CHROME] New driver instantiated.
2023-02-13 21:50:33,540 [INFO] [LOCAL, LOCAL, qa.properties] Received parameter 'TestEnvironment' = QA
2023-02-13 21:50:33,549 [INFO] [LOCAL, LOCAL, CommonSteps] Scenario Name: user able to delete artifact
2023-02-13 21:50:33,550 [INFO] [LOCAL, LOCAL, qa.properties] Received parameter 'TestEnvironment' = QA
2023-02-13 21:50:33,989 [INFO] [LOCAL, LOCAL, E2COTestSteps] Entered username
2023-02-13 21:50:34,162 [INFO] [LOCAL, LOCAL, E2COTestSteps] Entered password
  When user logs into MEC portalAdmin                             # stepdefinitions.E2COTestSteps.login(java.lang.String)

    Embedding user able to delete artifact [image/png 499380 bytes]

  And user is on Dashboard page                                   # stepdefinitions.E2COTestSteps.verifyUserisOnDashboard()

    Embedding user able to delete artifact [image/png 114123 bytes]

2023-02-13 21:50:35,512 [INFO] [LOCAL, LOCAL, E2COTestSteps] Clicked on my application menu
  And user clicks on my application                               # stepdefinitions.E2COTestSteps.clickOnMyApplication()

    Embedding user able to delete artifact [image/png 87933 bytes]

  Then user is on my application page                             # stepdefinitions.E2COTestSteps.verifyUserIsOnMyApplicationPage()

    Embedding user able to delete artifact [image/png 87933 bytes]

  When user clicks on new application                             # stepdefinitions.E2COTestSteps.clickOnNewApplication()

    Embedding user able to delete artifact [image/png 67973 bytes]

  Then user is on new application page                            # stepdefinitions.E2COTestSteps.verifyUserIsOnNewApplicationPage()

    Embedding user able to delete artifact [image/png 67973 bytes]

2023-02-13 21:50:40,442 [INFO] [LOCAL, LOCAL, E2COTestSteps] Selected container
2023-02-13 21:50:40,457 [INFO] [LOCAL, LOCAL, E2COTestSteps] Container as service selected
  When user selects from where to artifact is to delete container # stepdefinitions.E2COTestSteps.selectService(java.lang.String)

    Embedding user able to delete artifact [image/png 68189 bytes]

  Then user is able to see that service container                 # stepdefinitions.E2COTestSteps.verifySelectedMenuIsVisible(java.lang.String)

    Embedding user able to delete artifact [image/png 68189 bytes]

2023-02-13 21:50:42,955 [INFO] [LOCAL, LOCAL, E2COTestSteps] Clicked on select artifact
  When user clicks on select artifact                             # stepdefinitions.E2COTestSteps.selectArtifact()

    Embedding user able to delete artifact [image/png 116551 bytes]

2023-02-13 21:50:45,141 [INFO] [LOCAL, LOCAL, E2COTestSteps] Artifact List is displayed
39
  Then user able to see artifacts uploaded                        # stepdefinitions.E2COTestSteps.userIsAbleTOSeeArtifact()

    Embedding user able to delete artifact [image/png 116551 bytes]

artifact1130
  When user selects the artifactid for delete                     # stepdefinitions.E2COTestSteps.selectTheArtifactId()

    Embedding user able to delete artifact [image/png 116830 bytes]

2023-02-13 21:50:55,716 [INFO] [LOCAL, LOCAL, E2COTestSteps] Clicked Delete Button
2023-02-13 21:50:55,824 [INFO] [LOCAL, LOCAL, E2COTestSteps] Confirmed for deletion of artiofact
  And user clicks on delete button                                # stepdefinitions.E2COTestSteps.clicksOnDeleteButton()

    Embedding user able to delete artifact [image/png 116545 bytes]

  Then user is not able to find the deleted artifactId            # stepdefinitions.E2COTestSteps.verifyUserNotAbleToSeeDeletedArtifact()
      org.openqa.selenium.NoSuchElementException: no such element: Unable to locate element: {"method":"xpath","selector":"//div[contains(text(),'Artifact Deleted !')]"}
  (Session info: chrome=110.0.5481.77)
For documentation on this error, please visit: https://selenium.dev/exceptions/#no_such_element
Build info: version: '4.1.1', revision: 'e8fcc2cecf'
System info: host: 'LIN24010693', ip: '192.168.1.207', os.name: 'Windows 10', os.arch: 'amd64', os.version: '10.0', java.version: '16'
Driver info: org.openqa.selenium.chrome.ChromeDriver
Command: [726d5bc08a58a9e811e8e9217686769c, findElement {using=xpath, value=//div[contains(text(),'Artifact Deleted !')]}]
Capabilities {acceptInsecureCerts: false, browserName: chrome, browserVersion: 110.0.5481.77, chrome: {chromedriverVersion: 110.0.5481.77 (65ed616c6e8e..., userDataDir: C:\Program Files (x86)\scop...}, goog:chromeOptions: {debuggerAddress: localhost:52641}, javascriptEnabled: true, networkConnectionEnabled: false, pageLoadStrategy: eager, platform: WINDOWS, platformName: WINDOWS, proxy: Proxy(), se:cdp: ws://localhost:52641/devtoo..., se:cdpVersion: 110.0.5481.77, setWindowRect: true, strictFileInteractability: false, timeouts: {implicit: 0, pageLoad: 300000, script: 30000}, unhandledPromptBehavior: dismiss and notify, webauthn:extension:credBlob: true, webauthn:extension:largeBlob: true, webauthn:virtualAuthenticators: true}
Session ID: 726d5bc08a58a9e811e8e9217686769c
	at java.base/jdk.internal.reflect.NativeConstructorAccessorImpl.newInstance0(Native Method)
	at java.base/jdk.internal.reflect.NativeConstructorAccessorImpl.newInstance(NativeConstructorAccessorImpl.java:78)
	at java.base/jdk.internal.reflect.DelegatingConstructorAccessorImpl.newInstance(DelegatingConstructorAccessorImpl.java:45)
	at java.base/java.lang.reflect.Constructor.newInstanceWithCaller(Constructor.java:499)
	at java.base/java.lang.reflect.Constructor.newInstance(Constructor.java:480)
	at org.openqa.selenium.remote.codec.w3c.W3CHttpResponseCodec.createException(W3CHttpResponseCodec.java:200)
	at org.openqa.selenium.remote.codec.w3c.W3CHttpResponseCodec.decode(W3CHttpResponseCodec.java:133)
	at org.openqa.selenium.remote.codec.w3c.W3CHttpResponseCodec.decode(W3CHttpResponseCodec.java:53)
	at org.openqa.selenium.remote.HttpCommandExecutor.execute(HttpCommandExecutor.java:184)
	at org.openqa.selenium.remote.service.DriverCommandExecutor.invokeExecute(DriverCommandExecutor.java:167)
	at org.openqa.selenium.remote.service.DriverCommandExecutor.execute(DriverCommandExecutor.java:142)
	at org.openqa.selenium.remote.RemoteWebDriver.execute(RemoteWebDriver.java:543)
	at org.openqa.selenium.remote.ElementLocation$ElementFinder$2.findElement(ElementLocation.java:162)
	at org.openqa.selenium.remote.ElementLocation.findElement(ElementLocation.java:60)
	at org.openqa.selenium.remote.RemoteWebDriver.findElement(RemoteWebDriver.java:367)
	at org.openqa.selenium.remote.RemoteWebDriver.findElement(RemoteWebDriver.java:359)
	at com.epam.healenium.handlers.proxy.BaseHandler.findElement(BaseHandler.java:62)
	at com.epam.healenium.handlers.proxy.SelfHealingProxyInvocationHandler.invoke(SelfHealingProxyInvocationHandler.java:39)
	at jdk.proxy2/jdk.proxy2.$Proxy41.findElement(Unknown Source)
	at org.openqa.selenium.support.pagefactory.DefaultElementLocator.findElement(DefaultElementLocator.java:70)
	at org.openqa.selenium.support.pagefactory.internal.LocatingElementHandler.invoke(LocatingElementHandler.java:39)
	at jdk.proxy2/jdk.proxy2.$Proxy45.isDisplayed(Unknown Source)
	at com.sogeti.automation.test.pageFactory.E2CO_MyApplicationPage.verifyArtifactIsDeletedMessage(E2CO_MyApplicationPage.java:298)
	at stepdefinitions.E2COTestSteps.verifyUserNotAbleToSeeDeletedArtifact(E2COTestSteps.java:551)
	at âœ½.user is not able to find the deleted artifactId(file:///C:/Users/APathrut/eclipse-workspace/e2colitmus/E2CO%2520Automation/src/test/resources/Features/WebUITests/E2COTests_MyApplication.feature:38)


    Embedding user able to delete artifact [image/png 116545 bytes]

2023-02-13 21:51:11,539 [INFO] [LOCAL, LOCAL, E2COTestSteps] Execution status is: FAILED
]]></system-out>
    <system-err><![CDATA[[main] INFO io.github.bonigarcia.wdm.cache.ResolutionCache - Clearing WebDriverManager resolution cache
[main] INFO io.github.bonigarcia.wdm.WebDriverManager - Using chromedriver 110.0.5481.77 (resolved driver for Chrome 110)
[main] INFO io.github.bonigarcia.wdm.WebDriverManager - Exporting webdriver.chrome.driver as C:\Users\APathrut\.cache\selenium\chromedriver\win32\110.0.5481.77\chromedriver.exe
Starting ChromeDriver 110.0.5481.77 (65ed616c6e8ee3fe0ad64fe83796c020644d42af-refs/branch-heads/5481@{#839}) on port 60830
Only local connections are allowed.
Please see https://chromedriver.chromium.org/security-considerations for suggestions on keeping ChromeDriver safe.
ChromeDriver was started successfully.
[1676305229.800][WARNING]: virtual void DevToolsClientImpl::AddListener(DevToolsEventListener *) subscribing a listener to the already connected DevToolsClient. Connection notification will not arrive.
Feb 13, 2023 9:50:30 PM org.openqa.selenium.remote.ProtocolHandshake createSession
INFO: Detected dialect: W3C
Feb 13, 2023 9:50:30 PM org.openqa.selenium.devtools.CdpVersionFinder findNearestMatch
WARNING: Unable to find an exact match for CDP version 110, so returning the closest version found: a no-op implementation
Feb 13, 2023 9:50:30 PM org.openqa.selenium.devtools.CdpVersionFinder findNearestMatch
INFO: Unable to find CDP implementation matching 110.
Feb 13, 2023 9:50:30 PM org.openqa.selenium.chromium.ChromiumDriver lambda$new$3
WARNING: Unable to find version of CDP to use for . You may need to include a dependency on a specific version of the CDP using something similar to `org.seleniumhq.selenium:selenium-devtools-v86:4.1.1` where the version ("v86") matches the version of the chromium-based browser you're using and the version number of the artifact is the same as Selenium's.
27
]]></system-err>
  </testcase>
  <testcase name="runScenario" classname="runner.TestRunner" time="43.637"/>
  <testcase name="runScenario" classname="runner.TestRunner" time="42.392"/>
  <testcase name="runScenario" classname="runner.TestRunner" time="42.483"/>
  <testcase name="runScenario" classname="runner.TestRunner" time="42.296"/>
  <testcase name="runScenario" classname="runner.TestRunner" time="43.966">
    <failure message="no such element: Unable to locate element: {&quot;method&quot;:&quot;xpath&quot;,&quot;selector&quot;:&quot;//div[contains(text(),&apos;Artifact Deleted !&apos;)]&quot;}&#10;  (Session info: chrome=110.0.5481.77)&#10;For documentation on this error, please visit: https://selenium.dev/exceptions/#no_such_element&#10;Build info: version: &apos;4.1.1&apos;, revision: &apos;e8fcc2cecf&apos;&#10;System info: host: &apos;LIN24010693&apos;, ip: &apos;192.168.1.207&apos;, os.name: &apos;Windows 10&apos;, os.arch: &apos;amd64&apos;, os.version: &apos;10.0&apos;, java.version: &apos;16&apos;&#10;Driver info: org.openqa.selenium.chrome.ChromeDriver&#10;Command: [300795b49a358d112cb78bd702e1554a, findElement {using=xpath, value=//div[contains(text(),&apos;Artifact Deleted !&apos;)]}]&#10;Capabilities {acceptInsecureCerts: false, browserName: chrome, browserVersion: 110.0.5481.77, chrome: {chromedriverVersion: 110.0.5481.77 (65ed616c6e8e..., userDataDir: C:\Program Files (x86)\scop...}, goog:chromeOptions: {debuggerAddress: localhost:52862}, javascriptEnabled: true, networkConnectionEnabled: false, pageLoadStrategy: eager, platform: WINDOWS, platformName: WINDOWS, proxy: Proxy(), se:cdp: ws://localhost:52862/devtoo..., se:cdpVersion: 110.0.5481.77, setWindowRect: true, strictFileInteractability: false, timeouts: {implicit: 0, pageLoad: 300000, script: 30000}, unhandledPromptBehavior: dismiss and notify, webauthn:extension:credBlob: true, webauthn:extension:largeBlob: true, webauthn:virtualAuthenticators: true}&#10;Session ID: 300795b49a358d112cb78bd702e1554a" type="org.openqa.selenium.NoSuchElementException">org.openqa.selenium.NoSuchElementException: no such element: Unable to locate element: {"method":"xpath","selector":"//div[contains(text(),'Artifact Deleted !')]"}
  (Session info: chrome=110.0.5481.77)
For documentation on this error, please visit: https://selenium.dev/exceptions/#no_such_element
Build info: version: '4.1.1', revision: 'e8fcc2cecf'
System info: host: 'LIN24010693', ip: '192.168.1.207', os.name: 'Windows 10', os.arch: 'amd64', os.version: '10.0', java.version: '16'
Driver info: org.openqa.selenium.chrome.ChromeDriver
Command: [300795b49a358d112cb78bd702e1554a, findElement {using=xpath, value=//div[contains(text(),'Artifact Deleted !')]}]
Capabilities {acceptInsecureCerts: false, browserName: chrome, browserVersion: 110.0.5481.77, chrome: {chromedriverVersion: 110.0.5481.77 (65ed616c6e8e..., userDataDir: C:\Program Files (x86)\scop...}, goog:chromeOptions: {debuggerAddress: localhost:52862}, javascriptEnabled: true, networkConnectionEnabled: false, pageLoadStrategy: eager, platform: WINDOWS, platformName: WINDOWS, proxy: Proxy(), se:cdp: ws://localhost:52862/devtoo..., se:cdpVersion: 110.0.5481.77, setWindowRect: true, strictFileInteractability: false, timeouts: {implicit: 0, pageLoad: 300000, script: 30000}, unhandledPromptBehavior: dismiss and notify, webauthn:extension:credBlob: true, webauthn:extension:largeBlob: true, webauthn:virtualAuthenticators: true}
Session ID: 300795b49a358d112cb78bd702e1554a
	at java.base/jdk.internal.reflect.NativeConstructorAccessorImpl.newInstance0(Native Method)
	at java.base/jdk.internal.reflect.NativeConstructorAccessorImpl.newInstance(NativeConstructorAccessorImpl.java:78)
	at java.base/jdk.internal.reflect.DelegatingConstructorAccessorImpl.newInstance(DelegatingConstructorAccessorImpl.java:45)
	at java.base/java.lang.reflect.Constructor.newInstanceWithCaller(Constructor.java:499)
	at java.base/java.lang.reflect.Constructor.newInstance(Constructor.java:480)
	at org.openqa.selenium.remote.codec.w3c.W3CHttpResponseCodec.createException(W3CHttpResponseCodec.java:200)
	at org.openqa.selenium.remote.codec.w3c.W3CHttpResponseCodec.decode(W3CHttpResponseCodec.java:133)
	at org.openqa.selenium.remote.codec.w3c.W3CHttpResponseCodec.decode(W3CHttpResponseCodec.java:53)
	at org.openqa.selenium.remote.HttpCommandExecutor.execute(HttpCommandExecutor.java:184)
	at org.openqa.selenium.remote.service.DriverCommandExecutor.invokeExecute(DriverCommandExecutor.java:167)
	at org.openqa.selenium.remote.service.DriverCommandExecutor.execute(DriverCommandExecutor.java:142)
	at org.openqa.selenium.remote.RemoteWebDriver.execute(RemoteWebDriver.java:543)
	at org.openqa.selenium.remote.ElementLocation$ElementFinder$2.findElement(ElementLocation.java:162)
	at org.openqa.selenium.remote.ElementLocation.findElement(ElementLocation.java:60)
	at org.openqa.selenium.remote.RemoteWebDriver.findElement(RemoteWebDriver.java:367)
	at org.openqa.selenium.remote.RemoteWebDriver.findElement(RemoteWebDriver.java:359)
	at com.epam.healenium.handlers.proxy.BaseHandler.findElement(BaseHandler.java:62)
	at com.epam.healenium.handlers.proxy.SelfHealingProxyInvocationHandler.invoke(SelfHealingProxyInvocationHandler.java:39)
	at jdk.proxy2/jdk.proxy2.$Proxy41.findElement(Unknown Source)
	at org.openqa.selenium.support.pagefactory.DefaultElementLocator.findElement(DefaultElementLocator.java:70)
	at org.openqa.selenium.support.pagefactory.internal.LocatingElementHandler.invoke(LocatingElementHandler.java:39)
	at jdk.proxy2/jdk.proxy2.$Proxy45.isDisplayed(Unknown Source)
	at com.sogeti.automation.test.pageFactory.E2CO_MyApplicationPage.verifyArtifactIsDeletedMessage(E2CO_MyApplicationPage.java:298)
	at stepdefinitions.E2COTestSteps.verifyUserNotAbleToSeeDeletedArtifact(E2COTestSteps.java:551)
	at ✽.user is not able to find the deleted artifactId(file:///C:/Users/APathrut/eclipse-workspace/e2colitmus/E2CO%2520Automation/src/test/resources/Features/WebUITests/E2COTests_MyApplication.feature:38)
</failure>
    <system-out><![CDATA[
@myapplication
Scenario Outline: user able to delete artifact                    # src/test/resources/Features/WebUITests/E2COTests_MyApplication.feature:47
2023-02-13 21:54:02,350 [INFO] [LOCAL, LOCAL, LOCAL, LOCAL, LOCAL, LOCAL, qa.properties] Received parameter 'TestEnvironment' = QA
2023-02-13 21:54:02,350 [INFO] [LOCAL, LOCAL, LOCAL, LOCAL, LOCAL, LOCAL, qa.properties] Initializing self healing driver
2023-02-13 21:54:05,952 [INFO] [LOCAL, LOCAL, LOCAL, LOCAL, LOCAL, LOCAL, LOCAL, CHROME] New driver instantiated.
2023-02-13 21:54:08,395 [INFO] [LOCAL, LOCAL, LOCAL, LOCAL, LOCAL, LOCAL, LOCAL, qa.properties] Received parameter 'TestEnvironment' = QA
2023-02-13 21:54:08,403 [INFO] [LOCAL, LOCAL, LOCAL, LOCAL, LOCAL, LOCAL, LOCAL, CommonSteps] Scenario Name: user able to delete artifact
2023-02-13 21:54:08,405 [INFO] [LOCAL, LOCAL, LOCAL, LOCAL, LOCAL, LOCAL, LOCAL, qa.properties] Received parameter 'TestEnvironment' = QA
2023-02-13 21:54:08,813 [INFO] [LOCAL, LOCAL, LOCAL, LOCAL, LOCAL, LOCAL, LOCAL, E2COTestSteps] Entered username
2023-02-13 21:54:08,979 [INFO] [LOCAL, LOCAL, LOCAL, LOCAL, LOCAL, LOCAL, LOCAL, E2COTestSteps] Entered password
  When user logs into MEC portalAdmin                             # stepdefinitions.E2COTestSteps.login(java.lang.String)

    Embedding user able to delete artifact [image/png 499379 bytes]

  And user is on Dashboard page                                   # stepdefinitions.E2COTestSteps.verifyUserisOnDashboard()

    Embedding user able to delete artifact [image/png 112546 bytes]

2023-02-13 21:54:10,255 [INFO] [LOCAL, LOCAL, LOCAL, LOCAL, LOCAL, LOCAL, LOCAL, E2COTestSteps] Clicked on my application menu
  And user clicks on my application                               # stepdefinitions.E2COTestSteps.clickOnMyApplication()

    Embedding user able to delete artifact [image/png 87933 bytes]

  Then user is on my application page                             # stepdefinitions.E2COTestSteps.verifyUserIsOnMyApplicationPage()

    Embedding user able to delete artifact [image/png 87933 bytes]

  When user clicks on new application                             # stepdefinitions.E2COTestSteps.clickOnNewApplication()

    Embedding user able to delete artifact [image/png 67973 bytes]

  Then user is on new application page                            # stepdefinitions.E2COTestSteps.verifyUserIsOnNewApplicationPage()

    Embedding user able to delete artifact [image/png 67973 bytes]

2023-02-13 21:54:15,231 [INFO] [LOCAL, LOCAL, LOCAL, LOCAL, LOCAL, LOCAL, LOCAL, E2COTestSteps] Selected container
2023-02-13 21:54:15,231 [INFO] [LOCAL, LOCAL, LOCAL, LOCAL, LOCAL, LOCAL, LOCAL, E2COTestSteps] Container as service selected
  When user selects from where to artifact is to delete container # stepdefinitions.E2COTestSteps.selectService(java.lang.String)

    Embedding user able to delete artifact [image/png 68189 bytes]

  Then user is able to see that service container                 # stepdefinitions.E2COTestSteps.verifySelectedMenuIsVisible(java.lang.String)

    Embedding user able to delete artifact [image/png 68189 bytes]

2023-02-13 21:54:17,712 [INFO] [LOCAL, LOCAL, LOCAL, LOCAL, LOCAL, LOCAL, LOCAL, E2COTestSteps] Clicked on select artifact
  When user clicks on select artifact                             # stepdefinitions.E2COTestSteps.selectArtifact()

    Embedding user able to delete artifact [image/png 116788 bytes]

2023-02-13 21:54:19,939 [INFO] [LOCAL, LOCAL, LOCAL, LOCAL, LOCAL, LOCAL, LOCAL, E2COTestSteps] Artifact List is displayed
35
  Then user able to see artifacts uploaded                        # stepdefinitions.E2COTestSteps.userIsAbleTOSeeArtifact()

    Embedding user able to delete artifact [image/png 116788 bytes]

APN009
  When user selects the artifactid for delete                     # stepdefinitions.E2COTestSteps.selectTheArtifactId()

    Embedding user able to delete artifact [image/png 117086 bytes]

2023-02-13 21:54:30,520 [INFO] [LOCAL, LOCAL, LOCAL, LOCAL, LOCAL, LOCAL, LOCAL, E2COTestSteps] Clicked Delete Button
2023-02-13 21:54:30,637 [INFO] [LOCAL, LOCAL, LOCAL, LOCAL, LOCAL, LOCAL, LOCAL, E2COTestSteps] Confirmed for deletion of artiofact
  And user clicks on delete button                                # stepdefinitions.E2COTestSteps.clicksOnDeleteButton()

    Embedding user able to delete artifact [image/png 116806 bytes]

  Then user is not able to find the deleted artifactId            # stepdefinitions.E2COTestSteps.verifyUserNotAbleToSeeDeletedArtifact()
      org.openqa.selenium.NoSuchElementException: no such element: Unable to locate element: {"method":"xpath","selector":"//div[contains(text(),'Artifact Deleted !')]"}
  (Session info: chrome=110.0.5481.77)
For documentation on this error, please visit: https://selenium.dev/exceptions/#no_such_element
Build info: version: '4.1.1', revision: 'e8fcc2cecf'
System info: host: 'LIN24010693', ip: '192.168.1.207', os.name: 'Windows 10', os.arch: 'amd64', os.version: '10.0', java.version: '16'
Driver info: org.openqa.selenium.chrome.ChromeDriver
Command: [300795b49a358d112cb78bd702e1554a, findElement {using=xpath, value=//div[contains(text(),'Artifact Deleted !')]}]
Capabilities {acceptInsecureCerts: false, browserName: chrome, browserVersion: 110.0.5481.77, chrome: {chromedriverVersion: 110.0.5481.77 (65ed616c6e8e..., userDataDir: C:\Program Files (x86)\scop...}, goog:chromeOptions: {debuggerAddress: localhost:52862}, javascriptEnabled: true, networkConnectionEnabled: false, pageLoadStrategy: eager, platform: WINDOWS, platformName: WINDOWS, proxy: Proxy(), se:cdp: ws://localhost:52862/devtoo..., se:cdpVersion: 110.0.5481.77, setWindowRect: true, strictFileInteractability: false, timeouts: {implicit: 0, pageLoad: 300000, script: 30000}, unhandledPromptBehavior: dismiss and notify, webauthn:extension:credBlob: true, webauthn:extension:largeBlob: true, webauthn:virtualAuthenticators: true}
Session ID: 300795b49a358d112cb78bd702e1554a
	at java.base/jdk.internal.reflect.NativeConstructorAccessorImpl.newInstance0(Native Method)
	at java.base/jdk.internal.reflect.NativeConstructorAccessorImpl.newInstance(NativeConstructorAccessorImpl.java:78)
	at java.base/jdk.internal.reflect.DelegatingConstructorAccessorImpl.newInstance(DelegatingConstructorAccessorImpl.java:45)
	at java.base/java.lang.reflect.Constructor.newInstanceWithCaller(Constructor.java:499)
	at java.base/java.lang.reflect.Constructor.newInstance(Constructor.java:480)
	at org.openqa.selenium.remote.codec.w3c.W3CHttpResponseCodec.createException(W3CHttpResponseCodec.java:200)
	at org.openqa.selenium.remote.codec.w3c.W3CHttpResponseCodec.decode(W3CHttpResponseCodec.java:133)
	at org.openqa.selenium.remote.codec.w3c.W3CHttpResponseCodec.decode(W3CHttpResponseCodec.java:53)
	at org.openqa.selenium.remote.HttpCommandExecutor.execute(HttpCommandExecutor.java:184)
	at org.openqa.selenium.remote.service.DriverCommandExecutor.invokeExecute(DriverCommandExecutor.java:167)
	at org.openqa.selenium.remote.service.DriverCommandExecutor.execute(DriverCommandExecutor.java:142)
	at org.openqa.selenium.remote.RemoteWebDriver.execute(RemoteWebDriver.java:543)
	at org.openqa.selenium.remote.ElementLocation$ElementFinder$2.findElement(ElementLocation.java:162)
	at org.openqa.selenium.remote.ElementLocation.findElement(ElementLocation.java:60)
	at org.openqa.selenium.remote.RemoteWebDriver.findElement(RemoteWebDriver.java:367)
	at org.openqa.selenium.remote.RemoteWebDriver.findElement(RemoteWebDriver.java:359)
	at com.epam.healenium.handlers.proxy.BaseHandler.findElement(BaseHandler.java:62)
	at com.epam.healenium.handlers.proxy.SelfHealingProxyInvocationHandler.invoke(SelfHealingProxyInvocationHandler.java:39)
	at jdk.proxy2/jdk.proxy2.$Proxy41.findElement(Unknown Source)
	at org.openqa.selenium.support.pagefactory.DefaultElementLocator.findElement(DefaultElementLocator.java:70)
	at org.openqa.selenium.support.pagefactory.internal.LocatingElementHandler.invoke(LocatingElementHandler.java:39)
	at jdk.proxy2/jdk.proxy2.$Proxy45.isDisplayed(Unknown Source)
	at com.sogeti.automation.test.pageFactory.E2CO_MyApplicationPage.verifyArtifactIsDeletedMessage(E2CO_MyApplicationPage.java:298)
	at stepdefinitions.E2COTestSteps.verifyUserNotAbleToSeeDeletedArtifact(E2COTestSteps.java:551)
	at âœ½.user is not able to find the deleted artifactId(file:///C:/Users/APathrut/eclipse-workspace/e2colitmus/E2CO%2520Automation/src/test/resources/Features/WebUITests/E2COTests_MyApplication.feature:38)


    Embedding user able to delete artifact [image/png 116806 bytes]

2023-02-13 21:54:46,315 [INFO] [LOCAL, LOCAL, LOCAL, LOCAL, LOCAL, LOCAL, LOCAL, E2COTestSteps] Execution status is: FAILED
]]></system-out>
    <system-err><![CDATA[[main] INFO io.github.bonigarcia.wdm.cache.ResolutionCache - Clearing WebDriverManager resolution cache
[main] INFO io.github.bonigarcia.wdm.WebDriverManager - Using chromedriver 110.0.5481.77 (resolved driver for Chrome 110)
[main] INFO io.github.bonigarcia.wdm.WebDriverManager - Exporting webdriver.chrome.driver as C:\Users\APathrut\.cache\selenium\chromedriver\win32\110.0.5481.77\chromedriver.exe
Starting ChromeDriver 110.0.5481.77 (65ed616c6e8ee3fe0ad64fe83796c020644d42af-refs/branch-heads/5481@{#839}) on port 59317
Only local connections are allowed.
Please see https://chromedriver.chromium.org/security-considerations for suggestions on keeping ChromeDriver safe.
ChromeDriver was started successfully.
[1676305445.382][WARNING]: virtual void DevToolsClientImpl::AddListener(DevToolsEventListener *) subscribing a listener to the already connected DevToolsClient. Connection notification will not arrive.
Feb 13, 2023 9:54:05 PM org.openqa.selenium.remote.ProtocolHandshake createSession
INFO: Detected dialect: W3C
Feb 13, 2023 9:54:05 PM org.openqa.selenium.devtools.CdpVersionFinder findNearestMatch
WARNING: Unable to find an exact match for CDP version 110, so returning the closest version found: a no-op implementation
Feb 13, 2023 9:54:05 PM org.openqa.selenium.devtools.CdpVersionFinder findNearestMatch
INFO: Unable to find CDP implementation matching 110.
Feb 13, 2023 9:54:05 PM org.openqa.selenium.chromium.ChromiumDriver lambda$new$3
WARNING: Unable to find version of CDP to use for . You may need to include a dependency on a specific version of the CDP using something similar to `org.seleniumhq.selenium:selenium-devtools-v86:4.1.1` where the version ("v86") matches the version of the chromium-based browser you're using and the version number of the artifact is the same as Selenium's.
19
]]></system-err>
  </testcase>
  <testcase name="runScenario" classname="runner.TestRunner" time="45.609"/>
  <testcase name="runScenario" classname="runner.TestRunner" time="42.029"/>
  <testcase name="runScenario" classname="runner.TestRunner" time="44.381">
    <failure message="no such element: Unable to locate element: {&quot;method&quot;:&quot;xpath&quot;,&quot;selector&quot;:&quot;//div[contains(text(),&apos;Artifact Deleted !&apos;)]&quot;}&#10;  (Session info: chrome=110.0.5481.77)&#10;For documentation on this error, please visit: https://selenium.dev/exceptions/#no_such_element&#10;Build info: version: &apos;4.1.1&apos;, revision: &apos;e8fcc2cecf&apos;&#10;System info: host: &apos;LIN24010693&apos;, ip: &apos;192.168.1.207&apos;, os.name: &apos;Windows 10&apos;, os.arch: &apos;amd64&apos;, os.version: &apos;10.0&apos;, java.version: &apos;16&apos;&#10;Driver info: org.openqa.selenium.chrome.ChromeDriver&#10;Command: [c21ccbe91eacc9967a5da8d82a781dda, findElement {using=xpath, value=//div[contains(text(),&apos;Artifact Deleted !&apos;)]}]&#10;Capabilities {acceptInsecureCerts: false, browserName: chrome, browserVersion: 110.0.5481.77, chrome: {chromedriverVersion: 110.0.5481.77 (65ed616c6e8e..., userDataDir: C:\Program Files (x86)\scop...}, goog:chromeOptions: {debuggerAddress: localhost:52982}, javascriptEnabled: true, networkConnectionEnabled: false, pageLoadStrategy: eager, platform: WINDOWS, platformName: WINDOWS, proxy: Proxy(), se:cdp: ws://localhost:52982/devtoo..., se:cdpVersion: 110.0.5481.77, setWindowRect: true, strictFileInteractability: false, timeouts: {implicit: 0, pageLoad: 300000, script: 30000}, unhandledPromptBehavior: dismiss and notify, webauthn:extension:credBlob: true, webauthn:extension:largeBlob: true, webauthn:virtualAuthenticators: true}&#10;Session ID: c21ccbe91eacc9967a5da8d82a781dda" type="org.openqa.selenium.NoSuchElementException">org.openqa.selenium.NoSuchElementException: no such element: Unable to locate element: {"method":"xpath","selector":"//div[contains(text(),'Artifact Deleted !')]"}
  (Session info: chrome=110.0.5481.77)
For documentation on this error, please visit: https://selenium.dev/exceptions/#no_such_element
Build info: version: '4.1.1', revision: 'e8fcc2cecf'
System info: host: 'LIN24010693', ip: '192.168.1.207', os.name: 'Windows 10', os.arch: 'amd64', os.version: '10.0', java.version: '16'
Driver info: org.openqa.selenium.chrome.ChromeDriver
Command: [c21ccbe91eacc9967a5da8d82a781dda, findElement {using=xpath, value=//div[contains(text(),'Artifact Deleted !')]}]
Capabilities {acceptInsecureCerts: false, browserName: chrome, browserVersion: 110.0.5481.77, chrome: {chromedriverVersion: 110.0.5481.77 (65ed616c6e8e..., userDataDir: C:\Program Files (x86)\scop...}, goog:chromeOptions: {debuggerAddress: localhost:52982}, javascriptEnabled: true, networkConnectionEnabled: false, pageLoadStrategy: eager, platform: WINDOWS, platformName: WINDOWS, proxy: Proxy(), se:cdp: ws://localhost:52982/devtoo..., se:cdpVersion: 110.0.5481.77, setWindowRect: true, strictFileInteractability: false, timeouts: {implicit: 0, pageLoad: 300000, script: 30000}, unhandledPromptBehavior: dismiss and notify, webauthn:extension:credBlob: true, webauthn:extension:largeBlob: true, webauthn:virtualAuthenticators: true}
Session ID: c21ccbe91eacc9967a5da8d82a781dda
	at java.base/jdk.internal.reflect.NativeConstructorAccessorImpl.newInstance0(Native Method)
	at java.base/jdk.internal.reflect.NativeConstructorAccessorImpl.newInstance(NativeConstructorAccessorImpl.java:78)
	at java.base/jdk.internal.reflect.DelegatingConstructorAccessorImpl.newInstance(DelegatingConstructorAccessorImpl.java:45)
	at java.base/java.lang.reflect.Constructor.newInstanceWithCaller(Constructor.java:499)
	at java.base/java.lang.reflect.Constructor.newInstance(Constructor.java:480)
	at org.openqa.selenium.remote.codec.w3c.W3CHttpResponseCodec.createException(W3CHttpResponseCodec.java:200)
	at org.openqa.selenium.remote.codec.w3c.W3CHttpResponseCodec.decode(W3CHttpResponseCodec.java:133)
	at org.openqa.selenium.remote.codec.w3c.W3CHttpResponseCodec.decode(W3CHttpResponseCodec.java:53)
	at org.openqa.selenium.remote.HttpCommandExecutor.execute(HttpCommandExecutor.java:184)
	at org.openqa.selenium.remote.service.DriverCommandExecutor.invokeExecute(DriverCommandExecutor.java:167)
	at org.openqa.selenium.remote.service.DriverCommandExecutor.execute(DriverCommandExecutor.java:142)
	at org.openqa.selenium.remote.RemoteWebDriver.execute(RemoteWebDriver.java:543)
	at org.openqa.selenium.remote.ElementLocation$ElementFinder$2.findElement(ElementLocation.java:162)
	at org.openqa.selenium.remote.ElementLocation.findElement(ElementLocation.java:60)
	at org.openqa.selenium.remote.RemoteWebDriver.findElement(RemoteWebDriver.java:367)
	at org.openqa.selenium.remote.RemoteWebDriver.findElement(RemoteWebDriver.java:359)
	at com.epam.healenium.handlers.proxy.BaseHandler.findElement(BaseHandler.java:62)
	at com.epam.healenium.handlers.proxy.SelfHealingProxyInvocationHandler.invoke(SelfHealingProxyInvocationHandler.java:39)
	at jdk.proxy2/jdk.proxy2.$Proxy41.findElement(Unknown Source)
	at org.openqa.selenium.support.pagefactory.DefaultElementLocator.findElement(DefaultElementLocator.java:70)
	at org.openqa.selenium.support.pagefactory.internal.LocatingElementHandler.invoke(LocatingElementHandler.java:39)
	at jdk.proxy2/jdk.proxy2.$Proxy45.isDisplayed(Unknown Source)
	at com.sogeti.automation.test.pageFactory.E2CO_MyApplicationPage.verifyArtifactIsDeletedMessage(E2CO_MyApplicationPage.java:298)
	at stepdefinitions.E2COTestSteps.verifyUserNotAbleToSeeDeletedArtifact(E2COTestSteps.java:551)
	at ✽.user is not able to find the deleted artifactId(file:///C:/Users/APathrut/eclipse-workspace/e2colitmus/E2CO%2520Automation/src/test/resources/Features/WebUITests/E2COTests_MyApplication.feature:38)
</failure>
    <system-out><![CDATA[
@myapplication
Scenario Outline: user able to delete artifact                    # src/test/resources/Features/WebUITests/E2COTests_MyApplication.feature:50
2023-02-13 21:56:13,963 [INFO] [LOCAL, LOCAL, LOCAL, LOCAL, LOCAL, LOCAL, LOCAL, LOCAL, LOCAL, qa.properties] Received parameter 'TestEnvironment' = QA
2023-02-13 21:56:13,963 [INFO] [LOCAL, LOCAL, LOCAL, LOCAL, LOCAL, LOCAL, LOCAL, LOCAL, LOCAL, qa.properties] Initializing self healing driver
2023-02-13 21:56:17,136 [INFO] [LOCAL, LOCAL, LOCAL, LOCAL, LOCAL, LOCAL, LOCAL, LOCAL, LOCAL, LOCAL, CHROME] New driver instantiated.
2023-02-13 21:56:20,315 [INFO] [LOCAL, LOCAL, LOCAL, LOCAL, LOCAL, LOCAL, LOCAL, LOCAL, LOCAL, LOCAL, qa.properties] Received parameter 'TestEnvironment' = QA
2023-02-13 21:56:20,315 [INFO] [LOCAL, LOCAL, LOCAL, LOCAL, LOCAL, LOCAL, LOCAL, LOCAL, LOCAL, LOCAL, CommonSteps] Scenario Name: user able to delete artifact
2023-02-13 21:56:20,321 [INFO] [LOCAL, LOCAL, LOCAL, LOCAL, LOCAL, LOCAL, LOCAL, LOCAL, LOCAL, LOCAL, qa.properties] Received parameter 'TestEnvironment' = QA
2023-02-13 21:56:20,742 [INFO] [LOCAL, LOCAL, LOCAL, LOCAL, LOCAL, LOCAL, LOCAL, LOCAL, LOCAL, LOCAL, E2COTestSteps] Entered username
2023-02-13 21:56:20,899 [INFO] [LOCAL, LOCAL, LOCAL, LOCAL, LOCAL, LOCAL, LOCAL, LOCAL, LOCAL, LOCAL, E2COTestSteps] Entered password
  When user logs into MEC portalAdmin                             # stepdefinitions.E2COTestSteps.login(java.lang.String)

    Embedding user able to delete artifact [image/png 499379 bytes]

  And user is on Dashboard page                                   # stepdefinitions.E2COTestSteps.verifyUserisOnDashboard()

    Embedding user able to delete artifact [image/png 114097 bytes]

2023-02-13 21:56:22,307 [INFO] [LOCAL, LOCAL, LOCAL, LOCAL, LOCAL, LOCAL, LOCAL, LOCAL, LOCAL, LOCAL, E2COTestSteps] Clicked on my application menu
  And user clicks on my application                               # stepdefinitions.E2COTestSteps.clickOnMyApplication()

    Embedding user able to delete artifact [image/png 87933 bytes]

  Then user is on my application page                             # stepdefinitions.E2COTestSteps.verifyUserIsOnMyApplicationPage()

    Embedding user able to delete artifact [image/png 87933 bytes]

  When user clicks on new application                             # stepdefinitions.E2COTestSteps.clickOnNewApplication()

    Embedding user able to delete artifact [image/png 67973 bytes]

  Then user is on new application page                            # stepdefinitions.E2COTestSteps.verifyUserIsOnNewApplicationPage()

    Embedding user able to delete artifact [image/png 67973 bytes]

2023-02-13 21:56:27,306 [INFO] [LOCAL, LOCAL, LOCAL, LOCAL, LOCAL, LOCAL, LOCAL, LOCAL, LOCAL, LOCAL, E2COTestSteps] Selected container
2023-02-13 21:56:27,307 [INFO] [LOCAL, LOCAL, LOCAL, LOCAL, LOCAL, LOCAL, LOCAL, LOCAL, LOCAL, LOCAL, E2COTestSteps] Container as service selected
  When user selects from where to artifact is to delete container # stepdefinitions.E2COTestSteps.selectService(java.lang.String)

    Embedding user able to delete artifact [image/png 68189 bytes]

  Then user is able to see that service container                 # stepdefinitions.E2COTestSteps.verifySelectedMenuIsVisible(java.lang.String)

    Embedding user able to delete artifact [image/png 68189 bytes]

2023-02-13 21:56:29,752 [INFO] [LOCAL, LOCAL, LOCAL, LOCAL, LOCAL, LOCAL, LOCAL, LOCAL, LOCAL, LOCAL, E2COTestSteps] Clicked on select artifact
  When user clicks on select artifact                             # stepdefinitions.E2COTestSteps.selectArtifact()

    Embedding user able to delete artifact [image/png 116800 bytes]

2023-02-13 21:56:31,945 [INFO] [LOCAL, LOCAL, LOCAL, LOCAL, LOCAL, LOCAL, LOCAL, LOCAL, LOCAL, LOCAL, E2COTestSteps] Artifact List is displayed
33
  Then user able to see artifacts uploaded                        # stepdefinitions.E2COTestSteps.userIsAbleTOSeeArtifact()

    Embedding user able to delete artifact [image/png 116800 bytes]

artifact1130
  When user selects the artifactid for delete                     # stepdefinitions.E2COTestSteps.selectTheArtifactId()

    Embedding user able to delete artifact [image/png 117014 bytes]

2023-02-13 21:56:42,538 [INFO] [LOCAL, LOCAL, LOCAL, LOCAL, LOCAL, LOCAL, LOCAL, LOCAL, LOCAL, LOCAL, E2COTestSteps] Clicked Delete Button
2023-02-13 21:56:42,638 [INFO] [LOCAL, LOCAL, LOCAL, LOCAL, LOCAL, LOCAL, LOCAL, LOCAL, LOCAL, LOCAL, E2COTestSteps] Confirmed for deletion of artiofact
  And user clicks on delete button                                # stepdefinitions.E2COTestSteps.clicksOnDeleteButton()

    Embedding user able to delete artifact [image/png 116727 bytes]

  Then user is not able to find the deleted artifactId            # stepdefinitions.E2COTestSteps.verifyUserNotAbleToSeeDeletedArtifact()
      org.openqa.selenium.NoSuchElementException: no such element: Unable to locate element: {"method":"xpath","selector":"//div[contains(text(),'Artifact Deleted !')]"}
  (Session info: chrome=110.0.5481.77)
For documentation on this error, please visit: https://selenium.dev/exceptions/#no_such_element
Build info: version: '4.1.1', revision: 'e8fcc2cecf'
System info: host: 'LIN24010693', ip: '192.168.1.207', os.name: 'Windows 10', os.arch: 'amd64', os.version: '10.0', java.version: '16'
Driver info: org.openqa.selenium.chrome.ChromeDriver
Command: [c21ccbe91eacc9967a5da8d82a781dda, findElement {using=xpath, value=//div[contains(text(),'Artifact Deleted !')]}]
Capabilities {acceptInsecureCerts: false, browserName: chrome, browserVersion: 110.0.5481.77, chrome: {chromedriverVersion: 110.0.5481.77 (65ed616c6e8e..., userDataDir: C:\Program Files (x86)\scop...}, goog:chromeOptions: {debuggerAddress: localhost:52982}, javascriptEnabled: true, networkConnectionEnabled: false, pageLoadStrategy: eager, platform: WINDOWS, platformName: WINDOWS, proxy: Proxy(), se:cdp: ws://localhost:52982/devtoo..., se:cdpVersion: 110.0.5481.77, setWindowRect: true, strictFileInteractability: false, timeouts: {implicit: 0, pageLoad: 300000, script: 30000}, unhandledPromptBehavior: dismiss and notify, webauthn:extension:credBlob: true, webauthn:extension:largeBlob: true, webauthn:virtualAuthenticators: true}
Session ID: c21ccbe91eacc9967a5da8d82a781dda
	at java.base/jdk.internal.reflect.NativeConstructorAccessorImpl.newInstance0(Native Method)
	at java.base/jdk.internal.reflect.NativeConstructorAccessorImpl.newInstance(NativeConstructorAccessorImpl.java:78)
	at java.base/jdk.internal.reflect.DelegatingConstructorAccessorImpl.newInstance(DelegatingConstructorAccessorImpl.java:45)
	at java.base/java.lang.reflect.Constructor.newInstanceWithCaller(Constructor.java:499)
	at java.base/java.lang.reflect.Constructor.newInstance(Constructor.java:480)
	at org.openqa.selenium.remote.codec.w3c.W3CHttpResponseCodec.createException(W3CHttpResponseCodec.java:200)
	at org.openqa.selenium.remote.codec.w3c.W3CHttpResponseCodec.decode(W3CHttpResponseCodec.java:133)
	at org.openqa.selenium.remote.codec.w3c.W3CHttpResponseCodec.decode(W3CHttpResponseCodec.java:53)
	at org.openqa.selenium.remote.HttpCommandExecutor.execute(HttpCommandExecutor.java:184)
	at org.openqa.selenium.remote.service.DriverCommandExecutor.invokeExecute(DriverCommandExecutor.java:167)
	at org.openqa.selenium.remote.service.DriverCommandExecutor.execute(DriverCommandExecutor.java:142)
	at org.openqa.selenium.remote.RemoteWebDriver.execute(RemoteWebDriver.java:543)
	at org.openqa.selenium.remote.ElementLocation$ElementFinder$2.findElement(ElementLocation.java:162)
	at org.openqa.selenium.remote.ElementLocation.findElement(ElementLocation.java:60)
	at org.openqa.selenium.remote.RemoteWebDriver.findElement(RemoteWebDriver.java:367)
	at org.openqa.selenium.remote.RemoteWebDriver.findElement(RemoteWebDriver.java:359)
	at com.epam.healenium.handlers.proxy.BaseHandler.findElement(BaseHandler.java:62)
	at com.epam.healenium.handlers.proxy.SelfHealingProxyInvocationHandler.invoke(SelfHealingProxyInvocationHandler.java:39)
	at jdk.proxy2/jdk.proxy2.$Proxy41.findElement(Unknown Source)
	at org.openqa.selenium.support.pagefactory.DefaultElementLocator.findElement(DefaultElementLocator.java:70)
	at org.openqa.selenium.support.pagefactory.internal.LocatingElementHandler.invoke(LocatingElementHandler.java:39)
	at jdk.proxy2/jdk.proxy2.$Proxy45.isDisplayed(Unknown Source)
	at com.sogeti.automation.test.pageFactory.E2CO_MyApplicationPage.verifyArtifactIsDeletedMessage(E2CO_MyApplicationPage.java:298)
	at stepdefinitions.E2COTestSteps.verifyUserNotAbleToSeeDeletedArtifact(E2COTestSteps.java:551)
	at âœ½.user is not able to find the deleted artifactId(file:///C:/Users/APathrut/eclipse-workspace/e2colitmus/E2CO%2520Automation/src/test/resources/Features/WebUITests/E2COTests_MyApplication.feature:38)


    Embedding user able to delete artifact [image/png 116727 bytes]

2023-02-13 21:56:58,334 [INFO] [LOCAL, LOCAL, LOCAL, LOCAL, LOCAL, LOCAL, LOCAL, LOCAL, LOCAL, LOCAL, E2COTestSteps] Execution status is: FAILED
]]></system-out>
    <system-err><![CDATA[[main] INFO io.github.bonigarcia.wdm.cache.ResolutionCache - Clearing WebDriverManager resolution cache
[main] INFO io.github.bonigarcia.wdm.WebDriverManager - Using chromedriver 110.0.5481.77 (resolved driver for Chrome 110)
[main] INFO io.github.bonigarcia.wdm.WebDriverManager - Exporting webdriver.chrome.driver as C:\Users\APathrut\.cache\selenium\chromedriver\win32\110.0.5481.77\chromedriver.exe
Starting ChromeDriver 110.0.5481.77 (65ed616c6e8ee3fe0ad64fe83796c020644d42af-refs/branch-heads/5481@{#839}) on port 50696
Only local connections are allowed.
Please see https://chromedriver.chromium.org/security-considerations for suggestions on keeping ChromeDriver safe.
ChromeDriver was started successfully.
[1676305576.638][WARNING]: virtual void DevToolsClientImpl::AddListener(DevToolsEventListener *) subscribing a listener to the already connected DevToolsClient. Connection notification will not arrive.
Feb 13, 2023 9:56:17 PM org.openqa.selenium.remote.ProtocolHandshake createSession
INFO: Detected dialect: W3C
Feb 13, 2023 9:56:17 PM org.openqa.selenium.devtools.CdpVersionFinder findNearestMatch
WARNING: Unable to find an exact match for CDP version 110, so returning the closest version found: a no-op implementation
Feb 13, 2023 9:56:17 PM org.openqa.selenium.devtools.CdpVersionFinder findNearestMatch
INFO: Unable to find CDP implementation matching 110.
Feb 13, 2023 9:56:17 PM org.openqa.selenium.chromium.ChromiumDriver lambda$new$3
WARNING: Unable to find version of CDP to use for . You may need to include a dependency on a specific version of the CDP using something similar to `org.seleniumhq.selenium:selenium-devtools-v86:4.1.1` where the version ("v86") matches the version of the chromium-based browser you're using and the version number of the artifact is the same as Selenium's.
23
]]></system-err>
  </testcase>
  <testcase name="runScenario" classname="runner.TestRunner" time="43.142"/>
  <testcase name="runScenario" classname="runner.TestRunner" time="41.539"/>
</testsuite>