<?xml version="1.0" encoding="UTF-8"?>
<!-- Generated by org.testng.reporters.JUnitReportReporter -->
<testsuite hostname="lin20001532" failures="0" tests="8" name="runner.TestRunner" time="129.925" errors="0" timestamp="2023-03-20T11:35:46 IST" skipped="0">
  <testcase classname="runner.TestRunner" name="runScenario" time="22.954"/>
  <system-out>
    <![CDATA[| Received parameter 'TestEnvironment' = QA| 
| Initializing self healing driver| 
| New driver instantiated.| 
| Received parameter 'TestEnvironment' = QA| 
| Scenario Name: Change the password and setting new one| 
| Received parameter 'TestEnvironment' = QA| 
| Clicked on change password| 
| Entered username for which password is to change| 
| Entered old password| 
| Entered new password| 
| Retyped the password| 
| Clicked on submit button| 
| Password update successfully popup message is dispalyed| 
| Clicked on close button| 
| Entered username| 
| Entered password| 
| Entered domain| 
| User icon is displayed.| 
| Execution status is: PASSED| ]]>
  </system-out>
  <testcase classname="runner.TestRunner" name="runScenario" time="10.251"/>
  <system-out>
    <![CDATA[| Received parameter 'TestEnvironment' = QA| 
| Initializing self healing driver| 
| New driver instantiated.| 
| Received parameter 'TestEnvironment' = QA| 
| Scenario Name: Login to MEC portal| 
| Received parameter 'TestEnvironment' = QA| 
| Entered username| 
| Entered password| 
| Entered domain| 
| User icon is displayed.| 
| Clicked on user| 
| Clicked logout button| 
| Execution status is: PASSED| ]]>
  </system-out>
  <testcase classname="runner.TestRunner" name="runScenario" time="19.142"/>
  <system-out>
    <![CDATA[| Received parameter 'TestEnvironment' = QA| 
| Initializing self healing driver| 
| New driver instantiated.| 
| Received parameter 'TestEnvironment' = QA| 
| Scenario Name: Change the password and setting new one| 
| Received parameter 'TestEnvironment' = QA| 
| Clicked on change password| 
| Entered username for which password is to change| 
| Entered old password| 
| Entered new password| 
| Retyped the password| 
| Clicked on submit button| 
| Password update successfully popup message is dispalyed| 
| Clicked on close button| 
| Entered username| 
| Entered password| 
| Entered domain| 
| User icon is displayed.| 
| Execution status is: PASSED| ]]>
  </system-out>
  <testcase classname="runner.TestRunner" name="runScenario" time="10.157"/>
  <system-out>
    <![CDATA[| Received parameter 'TestEnvironment' = QA| 
| Initializing self healing driver| 
| New driver instantiated.| 
| Received parameter 'TestEnvironment' = QA| 
| Scenario Name: Login to MEC portal| 
| Received parameter 'TestEnvironment' = QA| 
| Entered username| 
| Entered password| 
| Entered domain| 
| User icon is displayed.| 
| Clicked on user| 
| Clicked logout button| 
| Execution status is: PASSED| ]]>
  </system-out>
  <testcase classname="runner.TestRunner" name="runScenario" time="15.385"/>
  <system-out>
    <![CDATA[| Received parameter 'TestEnvironment' = QA| 
| Received parameter 'ExecutionServer' = Local| 
| Received parameter 'InterfaceType' = Web| 
| Received parameter 'DefaultDownloadPath' = ./src/test/resources/Downloads| 
| Received parameter 'AZURE_KEYVAULT_URL' = | 
| Received parameter 'TestBrowser' = chrome| 
| Received parameter 'UI_BASE_URL' = https://10.139.9.3:31012/MEC/login| 
| Received parameter 'GRID_HUB_PORT' = 4444| 
| Received parameter 'GRID_HUB_IP' = localhost| 
| Received parameter 'UI_USERNAME' = admin| 
| Received parameter 'UI_PASSWORD' = Admin@1234| 
| Received parameter 'UI_DOMAINNAME' = default| 
| Received parameter 'UI_DEVUSERNAME' = dev01| 
| Received parameter 'UI_DEVPASSWORD' = Admin@1234| 
| Received parameter 'UI_DEVDOMAINNAME' = default| 
| Received parameter 'ScreenshotEnable' = true| 
| Initializing self healing driver| 
| New driver instantiated.| 
| Received parameter 'TestEnvironment' = QA| 
| Scenario Name: Login to MEC portal| 
| Received parameter 'TestEnvironment' = QA| 
| Entered username| 
| Entered password| 
| Entered domain| 
| User icon is displayed.| 
| Clicked on user| 
| Clicked logout button| 
| Execution status is: PASSED| ]]>
  </system-out>
  <testcase classname="runner.TestRunner" name="runScenario" time="11.586"/>
  <system-out>
    <![CDATA[| Received parameter 'TestEnvironment' = QA| 
| Initializing self healing driver| 
| New driver instantiated.| 
| Received parameter 'TestEnvironment' = QA| 
| Scenario Name: Login to MEC portal| 
| Received parameter 'TestEnvironment' = QA| 
| Entered username| 
| Entered password| 
| Entered domain| 
| User icon is displayed.| 
| Clicked on user| 
| Clicked logout button| 
| Execution status is: PASSED| ]]>
  </system-out>
  <testcase classname="runner.TestRunner" name="runScenario" time="19.146"/>
  <system-out>
    <![CDATA[| Received parameter 'TestEnvironment' = QA| 
| Initializing self healing driver| 
| New driver instantiated.| 
| Received parameter 'TestEnvironment' = QA| 
| Scenario Name: Change the password and setting new one| 
| Received parameter 'TestEnvironment' = QA| 
| Clicked on change password| 
| Entered username for which password is to change| 
| Entered old password| 
| Entered new password| 
| Retyped the password| 
| Clicked on submit button| 
| Password update successfully popup message is dispalyed| 
| Clicked on close button| 
| Entered username| 
| Entered password| 
| Entered domain| 
| User icon is displayed.| 
| Execution status is: PASSED| ]]>
  </system-out>
  <testcase classname="runner.TestRunner" name="runScenario" time="21.304"/>
  <system-out>
    <![CDATA[| Received parameter 'TestEnvironment' = QA| 
| Initializing self healing driver| 
| New driver instantiated.| 
| Received parameter 'TestEnvironment' = QA| 
| Scenario Name: Change the password and setting new one| 
| Received parameter 'TestEnvironment' = QA| 
| Clicked on change password| 
| Entered username for which password is to change| 
| Entered old password| 
| Entered new password| 
| Retyped the password| 
| Clicked on submit button| 
| Password update successfully popup message is dispalyed| 
| Clicked on close button| 
| Entered username| 
| Entered password| 
| Entered domain| 
| User icon is displayed.| 
| Execution status is: PASSED| ]]>
  </system-out>
</testsuite> <!-- runner.TestRunner -->
