<?xml version="1.0" encoding="UTF-8"?>
<!-- Generated by org.testng.reporters.JUnitReportReporter -->
<testsuite hostname="lin20001532" failures="0" tests="1" name="runner.TestRunner" time="34.922" errors="0" timestamp="2023-04-11T16:49:53 IST" skipped="0">
  <testcase classname="runner.TestRunner" name="runScenario" time="34.922"/>
  <system-out>
    <![CDATA[| Received parameter 'TestEnvironment' = QA| 
| Received parameter 'ExecutionServer' = Local| 
| Received parameter 'InterfaceType' = Web| 
| Received parameter 'DefaultDownloadPath' = ./src/test/resources/Downloads| 
| Received parameter 'AZURE_KEYVAULT_URL' = | 
| Received parameter 'TestBrowser' = chrome| 
| Received parameter 'UI_BASE_URL' = https://10.139.9.3:31012/MEC/login| 
| Received parameter 'GRID_HUB_PORT' = 4444| 
| Received parameter 'GRID_HUB_IP' = localhost| 
| Received parameter 'UI_USERNAME' = admin| 
| Received parameter 'UI_PASSWORD' = Admin@1234| 
| Received parameter 'UI_DOMAINNAME' = default| 
| Received parameter 'UI_DEVUSERNAME' = dev01| 
| Received parameter 'UI_DEVPASSWORD' = Admin@1234| 
| Received parameter 'UI_DEVDOMAINNAME' = default| 
| Received parameter 'UI_ENTUSERNAME' = admin01| 
| Received parameter 'UI_ENTPASSWORD' = Admin@1234| 
| Received parameter 'UI_ENTDOMAINNAME' = default| 
| Received parameter 'UI_ENTDEVUSERNAME' = dev08| 
| Received parameter 'UI_ENTDEVPASSWORD' = Admin@1234| 
| Received parameter 'UI_ENTDEVDOMAINNAME' = default| 
| Received parameter 'ScreenshotEnable' = true| 
| Initializing self healing driver| 
| New driver instantiated.| 
| Received parameter 'TestEnvironment' = QA| 
| Scenario Name: user able to download sdk| 
| Received parameter 'TestEnvironment' = QA| 
| Entered username| 
| Entered password| 
| Entered domain| 
| User icon is displayed.| 
| User click on SDK menu| 
| List of sdk displayed| 
| User Click on uploaded SDK| 
| SdK is downloaded | 
| Execution status is: PASSED| ]]>
  </system-out>
</testsuite> <!-- runner.TestRunner -->
