<?xml version="1.0" encoding="UTF-8"?>
<!-- Generated by org.testng.reporters.JUnitReportReporter -->
<testsuite hostname="lin20001532" failures="0" tests="4" name="runner.TestRunner" time="43.443" errors="0" timestamp="2023-04-06T14:57:10 IST" skipped="0">
  <testcase classname="runner.TestRunner" name="runScenario" time="12.557"/>
  <system-out>
    <![CDATA[| Received parameter 'TestEnvironment' = QA| 
| Received parameter 'ExecutionServer' = Local| 
| Received parameter 'InterfaceType' = Web| 
| Received parameter 'DefaultDownloadPath' = ./src/test/resources/Downloads| 
| Received parameter 'AZURE_KEYVAULT_URL' = | 
| Received parameter 'TestBrowser' = chrome| 
| Received parameter 'UI_BASE_URL' = https://10.139.9.3:31012/MEC/login| 
| Received parameter 'GRID_HUB_PORT' = 4444| 
| Received parameter 'GRID_HUB_IP' = localhost| 
| Received parameter 'UI_USERNAME' = admin| 
| Received parameter 'UI_PASSWORD' = Admin@1234| 
| Received parameter 'UI_DOMAINNAME' = default| 
| Received parameter 'UI_DEVUSERNAME' = dev01| 
| Received parameter 'UI_DEVPASSWORD' = Admin@1234| 
| Received parameter 'UI_DEVDOMAINNAME' = default| 
| Received parameter 'UI_ENTUSERNAME' = add01| 
| Received parameter 'UI_ENTPASSWORD' = Admin@1234| 
| Received parameter 'UI_ENTDOMAINNAME' = pune| 
| Received parameter 'UI_ENTDEVUSERNAME' = deve08| 
| Received parameter 'UI_ENTDEVPASSWORD' = Admin@1234| 
| Received parameter 'UI_ENTDEVDOMAINNAME' = anu1| 
| Received parameter 'ScreenshotEnable' = true| 
| Initializing self healing driver| 
| New driver instantiated.| 
| Received parameter 'TestEnvironment' = QA| 
| Scenario Name: Login to MEC portal| 
| Received parameter 'TestEnvironment' = QA| 
| Entered username| 
| Entered password| 
| Entered domain| 
| User icon is displayed.| 
| Clicked on user| 
| Clicked logout button| 
| Execution status is: PASSED| ]]>
  </system-out>
  <testcase classname="runner.TestRunner" name="runScenario" time="9.962"/>
  <system-out>
    <![CDATA[| Received parameter 'TestEnvironment' = QA| 
| Initializing self healing driver| 
| New driver instantiated.| 
| Received parameter 'TestEnvironment' = QA| 
| Scenario Name: Login to MEC portal| 
| Received parameter 'TestEnvironment' = QA| 
| Entered username| 
| Entered password| 
| Entered domain| 
| User icon is displayed.| 
| Clicked on user| 
| Clicked logout button| 
| Execution status is: PASSED| ]]>
  </system-out>
  <testcase classname="runner.TestRunner" name="runScenario" time="11.006"/>
  <system-out>
    <![CDATA[| Received parameter 'TestEnvironment' = QA| 
| Initializing self healing driver| 
| New driver instantiated.| 
| Received parameter 'TestEnvironment' = QA| 
| Scenario Name: Login to MEC portal| 
| Received parameter 'TestEnvironment' = QA| 
| Entered username| 
| Entered password| 
| Entered domain| 
| User icon is displayed.| 
| Clicked on user| 
| Clicked logout button| 
| Execution status is: PASSED| ]]>
  </system-out>
  <testcase classname="runner.TestRunner" name="runScenario" time="9.918"/>
  <system-out>
    <![CDATA[| Received parameter 'TestEnvironment' = QA| 
| Initializing self healing driver| 
| New driver instantiated.| 
| Received parameter 'TestEnvironment' = QA| 
| Scenario Name: Login to MEC portal| 
| Received parameter 'TestEnvironment' = QA| 
| Entered username| 
| Entered password| 
| Entered domain| 
| User icon is displayed.| 
| Clicked on user| 
| Clicked logout button| 
| Execution status is: PASSED| ]]>
  </system-out>
</testsuite> <!-- runner.TestRunner -->
