<?xml version="1.0" encoding="UTF-8"?>
<!-- Generated by org.testng.reporters.JUnitReportReporter -->
<testsuite hostname="LIN24010693" failures="0" tests="8" name="runner.TestRunner" time="188.783" errors="0" timestamp="2023-02-13T11:58:42 IST" skipped="0">
  <testcase classname="runner.TestRunner" name="runScenario" time="37.694"/>
  <system-out>
    <![CDATA[| Received parameter 'TestEnvironment' = QA| 
| Initializing self healing driver| 
| New driver instantiated.| 
| Received parameter 'TestEnvironment' = QA| 
| Scenario Name: Developer is not able to create new user| 
| Received parameter 'TestEnvironment' = QA| 
| Entered username| 
| Entered password| 
| Execution status is: PASSED| ]]>
  </system-out>
  <testcase classname="runner.TestRunner" name="runScenario" time="17.770"/>
  <system-out>
    <![CDATA[| Received parameter 'TestEnvironment' = QA| 
| Initializing self healing driver| 
| New driver instantiated.| 
| Received parameter 'TestEnvironment' = QA| 
| Scenario Name: Onbaording edge using yaml file| 
| Received parameter 'TestEnvironment' = QA| 
| Entered username| 
| Entered password| 
| Execution status is: PASSED| ]]>
  </system-out>
  <testcase classname="runner.TestRunner" name="runScenario" time="12.432"/>
  <system-out>
    <![CDATA[| Received parameter 'TestEnvironment' = QA| 
| Initializing self healing driver| 
| New driver instantiated.| 
| Received parameter 'TestEnvironment' = QA| 
| Scenario Name: Create new zone and Check the functionality| 
| Received parameter 'TestEnvironment' = QA| 
| Entered username| 
| Entered password| 
| Entered zone name| 
| Entered zone name| 
| Entered zone name| 
| Entered zone name| 
| Entered zone name| 
| Execution status is: PASSED| ]]>
  </system-out>
  <testcase classname="runner.TestRunner" name="runScenario" time="59.700"/>
  <system-out>
    <![CDATA[| Received parameter 'TestEnvironment' = QA| 
| Initializing self healing driver| 
| New driver instantiated.| 
| Received parameter 'TestEnvironment' = QA| 
| Scenario Name: Create new artifactId| 
| Received parameter 'TestEnvironment' = QA| 
| Entered username| 
| Entered password| 
| Clicked on my application menu| 
| Selected container| 
| Clicked on create new artifact| 
| Entered artifact name| 
| Enetered componenetID| 
| Entered componenet image name| 
| zip file is imported| 
| Clicked on submit button| 
| Artifact created successfully| 
| Clicked on close| 
| Clicked on select artifact| 
| Execution status is: PASSED| ]]>
  </system-out>
  <testcase classname="runner.TestRunner" name="runScenario" time="13.965"/>
  <system-out>
    <![CDATA[| Received parameter 'TestEnvironment' = QA| 
| Initializing self healing driver| 
| New driver instantiated.| 
| Received parameter 'TestEnvironment' = QA| 
| Scenario Name: Admin is able to delete user| 
| Received parameter 'TestEnvironment' = QA| 
| Entered username| 
| Entered password| 
| Clicked the user management| 
| Clicked delete button| 
| Clicked confirm button| 
| Element is deleted| 
| User is not displayed| 
| User is not displayed| 
| User is not displayed| 
| User is not displayed| 
| User is not displayed| 
| User is not displayed| 
| User is not displayed| 
| User is not displayed| 
| User is not displayed| 
| User is not displayed| 
| User is not displayed| 
| User is not displayed| 
| User is not displayed| 
| User is not displayed| 
| User is not displayed| 
| User is not displayed| 
| User is not displayed| 
| User is not displayed| 
| User is not displayed| 
| User is not displayed| 
| User is not displayed| 
| User is not displayed| 
| User is not displayed| 
| User is not displayed| 
| User is not displayed| 
| User is not displayed| 
| User is not displayed| 
| User is not displayed| 
| Execution status is: PASSED| ]]>
  </system-out>
  <testcase classname="runner.TestRunner" name="runScenario" time="12.337"/>
  <system-out>
    <![CDATA[| Received parameter 'TestEnvironment' = QA| 
| Initializing self healing driver| 
| New driver instantiated.| 
| Received parameter 'TestEnvironment' = QA| 
| Scenario Name: Create new Admin user and verify login| 
| Received parameter 'TestEnvironment' = QA| 
| Entered username| 
| Entered password| 
| Clicked the user management| 
| Clicked the add new user| 
| Entered first name| 
| Entered last name| 
| Role selected| 
| Entered EmailId| 
| Entered UserName| 
| Entered Password| 
| Entered RetypePassword| 
| Entered ContactNo| 
| Max invalid attempt selected| 
| Max validity selected| 
| Clicked Submit Button| 
| Clicked popup message of user created successfully| 
| User is displayed| 
| Clicked on user| 
| Clicked logout button| 
| Entered username| 
| Entered password| 
| Execution status is: PASSED| ]]>
  </system-out>
  <testcase classname="runner.TestRunner" name="runScenario" time="26.188"/>
  <system-out>
    <![CDATA[| Received parameter 'TestEnvironment' = QA| 
| Received parameter 'ExecutionServer' = Local| 
| Received parameter 'InterfaceType' = Web| 
| Received parameter 'DefaultDownloadPath' = ./src/test/resources/Downloads| 
| Received parameter 'AZURE_KEYVAULT_URL' = | 
| Received parameter 'TestBrowser' = chrome| 
| Received parameter 'UI_BASE_URL' = https://10.139.9.7:31012/MEC/login| 
| Received parameter 'GRID_HUB_PORT' = 4444| 
| Received parameter 'GRID_HUB_IP' = localhost| 
| Received parameter 'UI_USERNAME' = admin| 
| Received parameter 'UI_PASSWORD' = Admin@1234| 
| Received parameter 'UI_DEVUSERNAME' = dev01| 
| Received parameter 'UI_DEVPASSWORD' = Admin@1234| 
| Received parameter 'ScreenshotEnable' = true| 
| Initializing self healing driver| 
| New driver instantiated.| 
| Received parameter 'TestEnvironment' = QA| 
| Scenario Name: preprovision the edge| 
| Received parameter 'TestEnvironment' = QA| 
| Entered username| 
| Entered password| 
| Clicked on edges| 
| Click on preprovision option| 
| Enter EdgeId| 
| Zone Id selected| 
| Country is selected| 
| Latency is selected| 
| Enter EnterPrise Id| 
| Bandwidth is selected| 
| Enter Edge description| 
| Enter city name| 
| Enter city name| 
| Enter the locality name| 
| Radio is selected| 
| Enter MCC value| 
| Enter MNC value| 
| Enter CGI value| 
| Enter TAC value| 
| App availability is selected| 
| Load is selected| 
| Enter cluster name| 
| Enter Latitude value| 
| Enter Longitude value| 
| Click on submit button| 
| EdgeId is displayed| 
| Execution status is: PASSED| ]]>
  </system-out>
  <testcase classname="runner.TestRunner" name="runScenario" time="8.697"/>
  <system-out>
    <![CDATA[| Received parameter 'TestEnvironment' = QA| 
| Initializing self healing driver| 
| New driver instantiated.| 
| Received parameter 'TestEnvironment' = QA| 
| Scenario Name: Admin is able to inactive the user| 
| Received parameter 'TestEnvironment' = QA| 
| Entered username| 
| Entered password| 
| Clicked the user management| 
| Clicked locked button| 
| Clicked on user| 
| Clicked logout button| 
| Entered username| 
| Entered password| 
| User is inactivated| 
| Execution status is: PASSED| ]]>
  </system-out>
</testsuite> <!-- runner.TestRunner -->
