<?xml version="1.0" encoding="UTF-8"?>
<!-- Generated by org.testng.reporters.JUnitReportReporter -->
<testsuite hostname="LIN24010693" failures="0" tests="12" name="runner.TestRunner" time="523.745" errors="4" timestamp="2023-02-13T21:58:23 IST" skipped="0">
  <testcase classname="runner.TestRunner" name="runScenario" time="43.142"/>
  <system-out>
    <![CDATA[| Received parameter 'TestEnvironment' = QA| 
| Initializing self healing driver| 
| New driver instantiated.| 
| Received parameter 'TestEnvironment' = QA| 
| Scenario Name: user able to delete artifact| 
| Received parameter 'TestEnvironment' = QA| 
| Entered username| 
| Entered password| 
| Clicked on my application menu| 
| Selected container| 
| Container as service selected| 
| Clicked on select artifact| 
| Artifact List is displayed| 
| Clicked Delete Button| 
| Confirmed for deletion of artiofact| 
| Artifact deleted message is displayed| 
| Clicked on close| 
| Artifact is deleted| 
| ArtfacTID is not displayed| 
| ArtfacTID is not displayed| 
| ArtfacTID is not displayed| 
| ArtfacTID is not displayed| 
| ArtfacTID is not displayed| 
| ArtfacTID is not displayed| 
| ArtfacTID is not displayed| 
| ArtfacTID is not displayed| 
| ArtfacTID is not displayed| 
| ArtfacTID is not displayed| 
| ArtfacTID is not displayed| 
| ArtfacTID is not displayed| 
| ArtfacTID is not displayed| 
| ArtfacTID is not displayed| 
| ArtfacTID is not displayed| 
| ArtfacTID is not displayed| 
| ArtfacTID is not displayed| 
| ArtfacTID is not displayed| 
| ArtfacTID is not displayed| 
| ArtfacTID is not displayed| 
| ArtfacTID is not displayed| 
| ArtfacTID is not displayed| 
| ArtfacTID is not displayed| 
| ArtfacTID is not displayed| 
| ArtfacTID is not displayed| 
| ArtfacTID is not displayed| 
| ArtfacTID is not displayed| 
| ArtfacTID is not displayed| 
| ArtfacTID is not displayed| 
| ArtfacTID is not displayed| 
| ArtfacTID is not displayed| 
| ArtfacTID is not displayed| 
| Execution status is: PASSED| ]]>
  </system-out>
  <testcase classname="runner.TestRunner" name="runScenario" time="45.609"/>
  <system-out>
    <![CDATA[| Received parameter 'TestEnvironment' = QA| 
| Initializing self healing driver| 
| New driver instantiated.| 
| Received parameter 'TestEnvironment' = QA| 
| Scenario Name: user able to delete artifact| 
| Received parameter 'TestEnvironment' = QA| 
| Entered username| 
| Entered password| 
| Clicked on my application menu| 
| Selected container| 
| Container as service selected| 
| Clicked on select artifact| 
| Artifact List is displayed| 
| Clicked Delete Button| 
| Confirmed for deletion of artiofact| 
| Artifact deleted message is displayed| 
| Clicked on close| 
| Artifact is deleted| 
| ArtfacTID is not displayed| 
| ArtfacTID is not displayed| 
| ArtfacTID is not displayed| 
| ArtfacTID is not displayed| 
| ArtfacTID is not displayed| 
| ArtfacTID is not displayed| 
| ArtfacTID is not displayed| 
| ArtfacTID is not displayed| 
| ArtfacTID is not displayed| 
| ArtfacTID is not displayed| 
| ArtfacTID is not displayed| 
| ArtfacTID is not displayed| 
| ArtfacTID is not displayed| 
| ArtfacTID is not displayed| 
| ArtfacTID is not displayed| 
| ArtfacTID is not displayed| 
| ArtfacTID is not displayed| 
| ArtfacTID is not displayed| 
| ArtfacTID is not displayed| 
| ArtfacTID is not displayed| 
| ArtfacTID is not displayed| 
| ArtfacTID is not displayed| 
| ArtfacTID is not displayed| 
| ArtfacTID is not displayed| 
| ArtfacTID is not displayed| 
| ArtfacTID is not displayed| 
| ArtfacTID is not displayed| 
| ArtfacTID is not displayed| 
| ArtfacTID is not displayed| 
| ArtfacTID is not displayed| 
| ArtfacTID is not displayed| 
| ArtfacTID is not displayed| 
| ArtfacTID is not displayed| 
| ArtfacTID is not displayed| 
| Execution status is: PASSED| ]]>
  </system-out>
  <testcase classname="runner.TestRunner" name="runScenario" time="42.029"/>
  <system-out>
    <![CDATA[| Received parameter 'TestEnvironment' = QA| 
| Initializing self healing driver| 
| New driver instantiated.| 
| Received parameter 'TestEnvironment' = QA| 
| Scenario Name: user able to delete artifact| 
| Received parameter 'TestEnvironment' = QA| 
| Entered username| 
| Entered password| 
| Clicked on my application menu| 
| Selected container| 
| Container as service selected| 
| Clicked on select artifact| 
| Artifact List is displayed| 
| Clicked Delete Button| 
| Confirmed for deletion of artiofact| 
| Artifact deleted message is displayed| 
| Clicked on close| 
| Artifact is deleted| 
| ArtfacTID is not displayed| 
| ArtfacTID is not displayed| 
| ArtfacTID is not displayed| 
| ArtfacTID is not displayed| 
| ArtfacTID is not displayed| 
| ArtfacTID is not displayed| 
| ArtfacTID is not displayed| 
| ArtfacTID is not displayed| 
| ArtfacTID is not displayed| 
| ArtfacTID is not displayed| 
| ArtfacTID is not displayed| 
| ArtfacTID is not displayed| 
| ArtfacTID is not displayed| 
| ArtfacTID is not displayed| 
| ArtfacTID is not displayed| 
| ArtfacTID is not displayed| 
| ArtfacTID is not displayed| 
| ArtfacTID is not displayed| 
| ArtfacTID is not displayed| 
| ArtfacTID is not displayed| 
| ArtfacTID is not displayed| 
| ArtfacTID is not displayed| 
| ArtfacTID is not displayed| 
| ArtfacTID is not displayed| 
| ArtfacTID is not displayed| 
| ArtfacTID is not displayed| 
| ArtfacTID is not displayed| 
| ArtfacTID is not displayed| 
| ArtfacTID is not displayed| 
| ArtfacTID is not displayed| 
| ArtfacTID is not displayed| 
| ArtfacTID is not displayed| 
| ArtfacTID is not displayed| 
| Execution status is: PASSED| ]]>
  </system-out>
  <testcase classname="runner.TestRunner" name="runScenario" time="42.484"/>
  <system-out>
    <![CDATA[| Received parameter 'TestEnvironment' = QA| 
| Initializing self healing driver| 
| New driver instantiated.| 
| Received parameter 'TestEnvironment' = QA| 
| Scenario Name: user able to delete artifact| 
| Received parameter 'TestEnvironment' = QA| 
| Entered username| 
| Entered password| 
| Clicked on my application menu| 
| Selected container| 
| Container as service selected| 
| Clicked on select artifact| 
| Artifact List is displayed| 
| Clicked Delete Button| 
| Confirmed for deletion of artiofact| 
| Artifact deleted message is displayed| 
| Clicked on close| 
| Artifact is deleted| 
| ArtfacTID is not displayed| 
| ArtfacTID is not displayed| 
| ArtfacTID is not displayed| 
| ArtfacTID is not displayed| 
| ArtfacTID is not displayed| 
| ArtfacTID is not displayed| 
| ArtfacTID is not displayed| 
| ArtfacTID is not displayed| 
| ArtfacTID is not displayed| 
| ArtfacTID is not displayed| 
| ArtfacTID is not displayed| 
| ArtfacTID is not displayed| 
| ArtfacTID is not displayed| 
| ArtfacTID is not displayed| 
| ArtfacTID is not displayed| 
| ArtfacTID is not displayed| 
| ArtfacTID is not displayed| 
| ArtfacTID is not displayed| 
| ArtfacTID is not displayed| 
| ArtfacTID is not displayed| 
| ArtfacTID is not displayed| 
| ArtfacTID is not displayed| 
| ArtfacTID is not displayed| 
| ArtfacTID is not displayed| 
| ArtfacTID is not displayed| 
| ArtfacTID is not displayed| 
| ArtfacTID is not displayed| 
| ArtfacTID is not displayed| 
| ArtfacTID is not displayed| 
| ArtfacTID is not displayed| 
| ArtfacTID is not displayed| 
| ArtfacTID is not displayed| 
| ArtfacTID is not displayed| 
| ArtfacTID is not displayed| 
| ArtfacTID is not displayed| 
| ArtfacTID is not displayed| 
| Execution status is: PASSED| ]]>
  </system-out>
  <testcase classname="runner.TestRunner" name="runScenario" time="43.637"/>
  <system-out>
    <![CDATA[| Received parameter 'TestEnvironment' = QA| 
| Initializing self healing driver| 
| New driver instantiated.| 
| Received parameter 'TestEnvironment' = QA| 
| Scenario Name: user able to delete artifact| 
| Received parameter 'TestEnvironment' = QA| 
| Entered username| 
| Entered password| 
| Clicked on my application menu| 
| Selected container| 
| Container as service selected| 
| Clicked on select artifact| 
| Artifact List is displayed| 
| Clicked Delete Button| 
| Confirmed for deletion of artiofact| 
| Artifact deleted message is displayed| 
| Clicked on close| 
| Artifact is deleted| 
| ArtfacTID is not displayed| 
| ArtfacTID is not displayed| 
| ArtfacTID is not displayed| 
| ArtfacTID is not displayed| 
| ArtfacTID is not displayed| 
| ArtfacTID is not displayed| 
| ArtfacTID is not displayed| 
| ArtfacTID is not displayed| 
| ArtfacTID is not displayed| 
| ArtfacTID is not displayed| 
| ArtfacTID is not displayed| 
| ArtfacTID is not displayed| 
| ArtfacTID is not displayed| 
| ArtfacTID is not displayed| 
| ArtfacTID is not displayed| 
| ArtfacTID is not displayed| 
| ArtfacTID is not displayed| 
| ArtfacTID is not displayed| 
| ArtfacTID is not displayed| 
| ArtfacTID is not displayed| 
| ArtfacTID is not displayed| 
| ArtfacTID is not displayed| 
| ArtfacTID is not displayed| 
| ArtfacTID is not displayed| 
| ArtfacTID is not displayed| 
| ArtfacTID is not displayed| 
| ArtfacTID is not displayed| 
| ArtfacTID is not displayed| 
| ArtfacTID is not displayed| 
| ArtfacTID is not displayed| 
| ArtfacTID is not displayed| 
| ArtfacTID is not displayed| 
| ArtfacTID is not displayed| 
| ArtfacTID is not displayed| 
| ArtfacTID is not displayed| 
| ArtfacTID is not displayed| 
| ArtfacTID is not displayed| 
| ArtfacTID is not displayed| 
| Execution status is: PASSED| ]]>
  </system-out>
  <testcase classname="runner.TestRunner" name="runScenario" time="42.296"/>
  <system-out>
    <![CDATA[| Received parameter 'TestEnvironment' = QA| 
| Initializing self healing driver| 
| New driver instantiated.| 
| Received parameter 'TestEnvironment' = QA| 
| Scenario Name: user able to delete artifact| 
| Received parameter 'TestEnvironment' = QA| 
| Entered username| 
| Entered password| 
| Clicked on my application menu| 
| Selected container| 
| Container as service selected| 
| Clicked on select artifact| 
| Artifact List is displayed| 
| Clicked Delete Button| 
| Confirmed for deletion of artiofact| 
| Artifact deleted message is displayed| 
| Clicked on close| 
| Artifact is deleted| 
| ArtfacTID is not displayed| 
| ArtfacTID is not displayed| 
| ArtfacTID is not displayed| 
| ArtfacTID is not displayed| 
| ArtfacTID is not displayed| 
| ArtfacTID is not displayed| 
| ArtfacTID is not displayed| 
| ArtfacTID is not displayed| 
| ArtfacTID is not displayed| 
| ArtfacTID is not displayed| 
| ArtfacTID is not displayed| 
| ArtfacTID is not displayed| 
| ArtfacTID is not displayed| 
| ArtfacTID is not displayed| 
| ArtfacTID is not displayed| 
| ArtfacTID is not displayed| 
| ArtfacTID is not displayed| 
| ArtfacTID is not displayed| 
| ArtfacTID is not displayed| 
| ArtfacTID is not displayed| 
| ArtfacTID is not displayed| 
| ArtfacTID is not displayed| 
| ArtfacTID is not displayed| 
| ArtfacTID is not displayed| 
| ArtfacTID is not displayed| 
| ArtfacTID is not displayed| 
| ArtfacTID is not displayed| 
| ArtfacTID is not displayed| 
| ArtfacTID is not displayed| 
| ArtfacTID is not displayed| 
| ArtfacTID is not displayed| 
| ArtfacTID is not displayed| 
| ArtfacTID is not displayed| 
| ArtfacTID is not displayed| 
| ArtfacTID is not displayed| 
| Execution status is: PASSED| ]]>
  </system-out>
  <testcase classname="runner.TestRunner" name="runScenario" time="47.824">
    <error message="no such element: Unable to locate element: {&quot;method&quot;:&quot;xpath&quot;,&quot;selector&quot;:&quot;//div[contains(text(),&#039;Artifact Deleted !&#039;)]&quot;}
  (Session info: chrome=110.0.5481.77)
For documentation on this error, please visit: https://selenium.dev/exceptions/#no_such_element
Build info: version: &#039;4.1.1&#039;, revision: &#039;e8fcc2cecf&#039;
System info: host: &#039;LIN24010693&#039;, ip: &#039;192.168.1.207&#039;, os.name: &#039;Windows 10&#039;, os.arch: &#039;amd64&#039;, os.version: &#039;10.0&#039;, java.version: &#039;16&#039;
Driver info: org.openqa.selenium.chrome.ChromeDriver
Command: [eb880f535166bb6d3dec3b710eed0862, findElement {using=xpath, value=//div[contains(text(),&#039;Artifact Deleted !&#039;)]}]
Capabilities {acceptInsecureCerts: false, browserName: chrome, browserVersion: 110.0.5481.77, chrome: {chromedriverVersion: 110.0.5481.77 (65ed616c6e8e..., userDataDir: C:\Program Files (x86)\scop...}, goog:chromeOptions: {debuggerAddress: localhost:52597}, javascriptEnabled: true, networkConnectionEnabled: false, pageLoadStrategy: eager, platform: WINDOWS, platformName: WINDOWS, proxy: Proxy(), se:cdp: ws://localhost:52597/devtoo..., se:cdpVersion: 110.0.5481.77, setWindowRect: true, strictFileInteractability: false, timeouts: {implicit: 0, pageLoad: 300000, script: 30000}, unhandledPromptBehavior: dismiss and notify, webauthn:extension:credBlob: true, webauthn:extension:largeBlob: true, webauthn:virtualAuthenticators: true}
Session ID: eb880f535166bb6d3dec3b710eed0862" type="org.openqa.selenium.NoSuchElementException">
      <![CDATA[org.openqa.selenium.NoSuchElementException: no such element: Unable to locate element: {"method":"xpath","selector":"//div[contains(text(),'Artifact Deleted !')]"}
  (Session info: chrome=110.0.5481.77)
For documentation on this error, please visit: https://selenium.dev/exceptions/#no_such_element
Build info: version: '4.1.1', revision: 'e8fcc2cecf'
System info: host: 'LIN24010693', ip: '192.168.1.207', os.name: 'Windows 10', os.arch: 'amd64', os.version: '10.0', java.version: '16'
Driver info: org.openqa.selenium.chrome.ChromeDriver
Command: [eb880f535166bb6d3dec3b710eed0862, findElement {using=xpath, value=//div[contains(text(),'Artifact Deleted !')]}]
Capabilities {acceptInsecureCerts: false, browserName: chrome, browserVersion: 110.0.5481.77, chrome: {chromedriverVersion: 110.0.5481.77 (65ed616c6e8e..., userDataDir: C:\Program Files (x86)\scop...}, goog:chromeOptions: {debuggerAddress: localhost:52597}, javascriptEnabled: true, networkConnectionEnabled: false, pageLoadStrategy: eager, platform: WINDOWS, platformName: WINDOWS, proxy: Proxy(), se:cdp: ws://localhost:52597/devtoo..., se:cdpVersion: 110.0.5481.77, setWindowRect: true, strictFileInteractability: false, timeouts: {implicit: 0, pageLoad: 300000, script: 30000}, unhandledPromptBehavior: dismiss and notify, webauthn:extension:credBlob: true, webauthn:extension:largeBlob: true, webauthn:virtualAuthenticators: true}
Session ID: eb880f535166bb6d3dec3b710eed0862
at java.base/jdk.internal.reflect.NativeConstructorAccessorImpl.newInstance0(Native Method)
at java.base/jdk.internal.reflect.NativeConstructorAccessorImpl.newInstance(NativeConstructorAccessorImpl.java:78)
at java.base/jdk.internal.reflect.DelegatingConstructorAccessorImpl.newInstance(DelegatingConstructorAccessorImpl.java:45)
at java.base/java.lang.reflect.Constructor.newInstanceWithCaller(Constructor.java:499)
at java.base/java.lang.reflect.Constructor.newInstance(Constructor.java:480)
at org.openqa.selenium.remote.codec.w3c.W3CHttpResponseCodec.createException(W3CHttpResponseCodec.java:200)
at org.openqa.selenium.remote.codec.w3c.W3CHttpResponseCodec.decode(W3CHttpResponseCodec.java:133)
at org.openqa.selenium.remote.codec.w3c.W3CHttpResponseCodec.decode(W3CHttpResponseCodec.java:53)
at org.openqa.selenium.remote.HttpCommandExecutor.execute(HttpCommandExecutor.java:184)
at org.openqa.selenium.remote.service.DriverCommandExecutor.invokeExecute(DriverCommandExecutor.java:167)
at org.openqa.selenium.remote.service.DriverCommandExecutor.execute(DriverCommandExecutor.java:142)
at org.openqa.selenium.remote.RemoteWebDriver.execute(RemoteWebDriver.java:543)
at org.openqa.selenium.remote.ElementLocation$ElementFinder$2.findElement(ElementLocation.java:162)
at org.openqa.selenium.remote.ElementLocation.findElement(ElementLocation.java:60)
at org.openqa.selenium.remote.RemoteWebDriver.findElement(RemoteWebDriver.java:367)
at org.openqa.selenium.remote.RemoteWebDriver.findElement(RemoteWebDriver.java:359)
at com.epam.healenium.handlers.proxy.BaseHandler.findElement(BaseHandler.java:62)
at com.epam.healenium.handlers.proxy.SelfHealingProxyInvocationHandler.invoke(SelfHealingProxyInvocationHandler.java:39)
at jdk.proxy2/jdk.proxy2.$Proxy41.findElement(Unknown Source)
at org.openqa.selenium.support.pagefactory.DefaultElementLocator.findElement(DefaultElementLocator.java:70)
at org.openqa.selenium.support.pagefactory.internal.LocatingElementHandler.invoke(LocatingElementHandler.java:39)
at jdk.proxy2/jdk.proxy2.$Proxy45.isDisplayed(Unknown Source)
at com.sogeti.automation.test.pageFactory.E2CO_MyApplicationPage.verifyArtifactIsDeletedMessage(E2CO_MyApplicationPage.java:298)
at stepdefinitions.E2COTestSteps.verifyUserNotAbleToSeeDeletedArtifact(E2COTestSteps.java:551)
at ✽.user is not able to find the deleted artifactId(file:///C:/Users/APathrut/eclipse-workspace/e2colitmus/E2CO%2520Automation/src/test/resources/Features/WebUITests/E2COTests_MyApplication.feature:38)
]]>
    </error>
  </testcase> <!-- runScenario -->
  <system-out>
    <![CDATA[| Received parameter 'TestEnvironment' = QA| 
| Received parameter 'ExecutionServer' = Local| 
| Received parameter 'InterfaceType' = Web| 
| Received parameter 'DefaultDownloadPath' = ./src/test/resources/Downloads| 
| Received parameter 'AZURE_KEYVAULT_URL' = | 
| Received parameter 'TestBrowser' = chrome| 
| Received parameter 'UI_BASE_URL' = https://10.139.9.7:31012/MEC/login| 
| Received parameter 'GRID_HUB_PORT' = 4444| 
| Received parameter 'GRID_HUB_IP' = localhost| 
| Received parameter 'UI_USERNAME' = admin| 
| Received parameter 'UI_PASSWORD' = Admin@1234| 
| Received parameter 'UI_DEVUSERNAME' = dev01| 
| Received parameter 'UI_DEVPASSWORD' = Admin@1234| 
| Received parameter 'ScreenshotEnable' = true| 
| Initializing self healing driver| 
| New driver instantiated.| 
| Received parameter 'TestEnvironment' = QA| 
| Scenario Name: user able to delete artifact| 
| Received parameter 'TestEnvironment' = QA| 
| Entered username| 
| Entered password| 
| Clicked on my application menu| 
| Selected container| 
| Container as service selected| 
| Clicked on select artifact| 
| Artifact List is displayed| 
| Clicked Delete Button| 
| Confirmed for deletion of artiofact| 
| Execution status is: FAILED| ]]>
  </system-out>
  <testcase classname="runner.TestRunner" name="runScenario" time="44.447">
    <error message="no such element: Unable to locate element: {&quot;method&quot;:&quot;xpath&quot;,&quot;selector&quot;:&quot;//div[contains(text(),&#039;Artifact Deleted !&#039;)]&quot;}
  (Session info: chrome=110.0.5481.77)
For documentation on this error, please visit: https://selenium.dev/exceptions/#no_such_element
Build info: version: &#039;4.1.1&#039;, revision: &#039;e8fcc2cecf&#039;
System info: host: &#039;LIN24010693&#039;, ip: &#039;192.168.1.207&#039;, os.name: &#039;Windows 10&#039;, os.arch: &#039;amd64&#039;, os.version: &#039;10.0&#039;, java.version: &#039;16&#039;
Driver info: org.openqa.selenium.chrome.ChromeDriver
Command: [726d5bc08a58a9e811e8e9217686769c, findElement {using=xpath, value=//div[contains(text(),&#039;Artifact Deleted !&#039;)]}]
Capabilities {acceptInsecureCerts: false, browserName: chrome, browserVersion: 110.0.5481.77, chrome: {chromedriverVersion: 110.0.5481.77 (65ed616c6e8e..., userDataDir: C:\Program Files (x86)\scop...}, goog:chromeOptions: {debuggerAddress: localhost:52641}, javascriptEnabled: true, networkConnectionEnabled: false, pageLoadStrategy: eager, platform: WINDOWS, platformName: WINDOWS, proxy: Proxy(), se:cdp: ws://localhost:52641/devtoo..., se:cdpVersion: 110.0.5481.77, setWindowRect: true, strictFileInteractability: false, timeouts: {implicit: 0, pageLoad: 300000, script: 30000}, unhandledPromptBehavior: dismiss and notify, webauthn:extension:credBlob: true, webauthn:extension:largeBlob: true, webauthn:virtualAuthenticators: true}
Session ID: 726d5bc08a58a9e811e8e9217686769c" type="org.openqa.selenium.NoSuchElementException">
      <![CDATA[org.openqa.selenium.NoSuchElementException: no such element: Unable to locate element: {"method":"xpath","selector":"//div[contains(text(),'Artifact Deleted !')]"}
  (Session info: chrome=110.0.5481.77)
For documentation on this error, please visit: https://selenium.dev/exceptions/#no_such_element
Build info: version: '4.1.1', revision: 'e8fcc2cecf'
System info: host: 'LIN24010693', ip: '192.168.1.207', os.name: 'Windows 10', os.arch: 'amd64', os.version: '10.0', java.version: '16'
Driver info: org.openqa.selenium.chrome.ChromeDriver
Command: [726d5bc08a58a9e811e8e9217686769c, findElement {using=xpath, value=//div[contains(text(),'Artifact Deleted !')]}]
Capabilities {acceptInsecureCerts: false, browserName: chrome, browserVersion: 110.0.5481.77, chrome: {chromedriverVersion: 110.0.5481.77 (65ed616c6e8e..., userDataDir: C:\Program Files (x86)\scop...}, goog:chromeOptions: {debuggerAddress: localhost:52641}, javascriptEnabled: true, networkConnectionEnabled: false, pageLoadStrategy: eager, platform: WINDOWS, platformName: WINDOWS, proxy: Proxy(), se:cdp: ws://localhost:52641/devtoo..., se:cdpVersion: 110.0.5481.77, setWindowRect: true, strictFileInteractability: false, timeouts: {implicit: 0, pageLoad: 300000, script: 30000}, unhandledPromptBehavior: dismiss and notify, webauthn:extension:credBlob: true, webauthn:extension:largeBlob: true, webauthn:virtualAuthenticators: true}
Session ID: 726d5bc08a58a9e811e8e9217686769c
at java.base/jdk.internal.reflect.NativeConstructorAccessorImpl.newInstance0(Native Method)
at java.base/jdk.internal.reflect.NativeConstructorAccessorImpl.newInstance(NativeConstructorAccessorImpl.java:78)
at java.base/jdk.internal.reflect.DelegatingConstructorAccessorImpl.newInstance(DelegatingConstructorAccessorImpl.java:45)
at java.base/java.lang.reflect.Constructor.newInstanceWithCaller(Constructor.java:499)
at java.base/java.lang.reflect.Constructor.newInstance(Constructor.java:480)
at org.openqa.selenium.remote.codec.w3c.W3CHttpResponseCodec.createException(W3CHttpResponseCodec.java:200)
at org.openqa.selenium.remote.codec.w3c.W3CHttpResponseCodec.decode(W3CHttpResponseCodec.java:133)
at org.openqa.selenium.remote.codec.w3c.W3CHttpResponseCodec.decode(W3CHttpResponseCodec.java:53)
at org.openqa.selenium.remote.HttpCommandExecutor.execute(HttpCommandExecutor.java:184)
at org.openqa.selenium.remote.service.DriverCommandExecutor.invokeExecute(DriverCommandExecutor.java:167)
at org.openqa.selenium.remote.service.DriverCommandExecutor.execute(DriverCommandExecutor.java:142)
at org.openqa.selenium.remote.RemoteWebDriver.execute(RemoteWebDriver.java:543)
at org.openqa.selenium.remote.ElementLocation$ElementFinder$2.findElement(ElementLocation.java:162)
at org.openqa.selenium.remote.ElementLocation.findElement(ElementLocation.java:60)
at org.openqa.selenium.remote.RemoteWebDriver.findElement(RemoteWebDriver.java:367)
at org.openqa.selenium.remote.RemoteWebDriver.findElement(RemoteWebDriver.java:359)
at com.epam.healenium.handlers.proxy.BaseHandler.findElement(BaseHandler.java:62)
at com.epam.healenium.handlers.proxy.SelfHealingProxyInvocationHandler.invoke(SelfHealingProxyInvocationHandler.java:39)
at jdk.proxy2/jdk.proxy2.$Proxy41.findElement(Unknown Source)
at org.openqa.selenium.support.pagefactory.DefaultElementLocator.findElement(DefaultElementLocator.java:70)
at org.openqa.selenium.support.pagefactory.internal.LocatingElementHandler.invoke(LocatingElementHandler.java:39)
at jdk.proxy2/jdk.proxy2.$Proxy45.isDisplayed(Unknown Source)
at com.sogeti.automation.test.pageFactory.E2CO_MyApplicationPage.verifyArtifactIsDeletedMessage(E2CO_MyApplicationPage.java:298)
at stepdefinitions.E2COTestSteps.verifyUserNotAbleToSeeDeletedArtifact(E2COTestSteps.java:551)
at ✽.user is not able to find the deleted artifactId(file:///C:/Users/APathrut/eclipse-workspace/e2colitmus/E2CO%2520Automation/src/test/resources/Features/WebUITests/E2COTests_MyApplication.feature:38)
]]>
    </error>
  </testcase> <!-- runScenario -->
  <system-out>
    <![CDATA[| Received parameter 'TestEnvironment' = QA| 
| Initializing self healing driver| 
| New driver instantiated.| 
| Received parameter 'TestEnvironment' = QA| 
| Scenario Name: user able to delete artifact| 
| Received parameter 'TestEnvironment' = QA| 
| Entered username| 
| Entered password| 
| Clicked on my application menu| 
| Selected container| 
| Container as service selected| 
| Clicked on select artifact| 
| Artifact List is displayed| 
| Clicked Delete Button| 
| Confirmed for deletion of artiofact| 
| Execution status is: FAILED| ]]>
  </system-out>
  <testcase classname="runner.TestRunner" name="runScenario" time="43.966">
    <error message="no such element: Unable to locate element: {&quot;method&quot;:&quot;xpath&quot;,&quot;selector&quot;:&quot;//div[contains(text(),&#039;Artifact Deleted !&#039;)]&quot;}
  (Session info: chrome=110.0.5481.77)
For documentation on this error, please visit: https://selenium.dev/exceptions/#no_such_element
Build info: version: &#039;4.1.1&#039;, revision: &#039;e8fcc2cecf&#039;
System info: host: &#039;LIN24010693&#039;, ip: &#039;192.168.1.207&#039;, os.name: &#039;Windows 10&#039;, os.arch: &#039;amd64&#039;, os.version: &#039;10.0&#039;, java.version: &#039;16&#039;
Driver info: org.openqa.selenium.chrome.ChromeDriver
Command: [300795b49a358d112cb78bd702e1554a, findElement {using=xpath, value=//div[contains(text(),&#039;Artifact Deleted !&#039;)]}]
Capabilities {acceptInsecureCerts: false, browserName: chrome, browserVersion: 110.0.5481.77, chrome: {chromedriverVersion: 110.0.5481.77 (65ed616c6e8e..., userDataDir: C:\Program Files (x86)\scop...}, goog:chromeOptions: {debuggerAddress: localhost:52862}, javascriptEnabled: true, networkConnectionEnabled: false, pageLoadStrategy: eager, platform: WINDOWS, platformName: WINDOWS, proxy: Proxy(), se:cdp: ws://localhost:52862/devtoo..., se:cdpVersion: 110.0.5481.77, setWindowRect: true, strictFileInteractability: false, timeouts: {implicit: 0, pageLoad: 300000, script: 30000}, unhandledPromptBehavior: dismiss and notify, webauthn:extension:credBlob: true, webauthn:extension:largeBlob: true, webauthn:virtualAuthenticators: true}
Session ID: 300795b49a358d112cb78bd702e1554a" type="org.openqa.selenium.NoSuchElementException">
      <![CDATA[org.openqa.selenium.NoSuchElementException: no such element: Unable to locate element: {"method":"xpath","selector":"//div[contains(text(),'Artifact Deleted !')]"}
  (Session info: chrome=110.0.5481.77)
For documentation on this error, please visit: https://selenium.dev/exceptions/#no_such_element
Build info: version: '4.1.1', revision: 'e8fcc2cecf'
System info: host: 'LIN24010693', ip: '192.168.1.207', os.name: 'Windows 10', os.arch: 'amd64', os.version: '10.0', java.version: '16'
Driver info: org.openqa.selenium.chrome.ChromeDriver
Command: [300795b49a358d112cb78bd702e1554a, findElement {using=xpath, value=//div[contains(text(),'Artifact Deleted !')]}]
Capabilities {acceptInsecureCerts: false, browserName: chrome, browserVersion: 110.0.5481.77, chrome: {chromedriverVersion: 110.0.5481.77 (65ed616c6e8e..., userDataDir: C:\Program Files (x86)\scop...}, goog:chromeOptions: {debuggerAddress: localhost:52862}, javascriptEnabled: true, networkConnectionEnabled: false, pageLoadStrategy: eager, platform: WINDOWS, platformName: WINDOWS, proxy: Proxy(), se:cdp: ws://localhost:52862/devtoo..., se:cdpVersion: 110.0.5481.77, setWindowRect: true, strictFileInteractability: false, timeouts: {implicit: 0, pageLoad: 300000, script: 30000}, unhandledPromptBehavior: dismiss and notify, webauthn:extension:credBlob: true, webauthn:extension:largeBlob: true, webauthn:virtualAuthenticators: true}
Session ID: 300795b49a358d112cb78bd702e1554a
at java.base/jdk.internal.reflect.NativeConstructorAccessorImpl.newInstance0(Native Method)
at java.base/jdk.internal.reflect.NativeConstructorAccessorImpl.newInstance(NativeConstructorAccessorImpl.java:78)
at java.base/jdk.internal.reflect.DelegatingConstructorAccessorImpl.newInstance(DelegatingConstructorAccessorImpl.java:45)
at java.base/java.lang.reflect.Constructor.newInstanceWithCaller(Constructor.java:499)
at java.base/java.lang.reflect.Constructor.newInstance(Constructor.java:480)
at org.openqa.selenium.remote.codec.w3c.W3CHttpResponseCodec.createException(W3CHttpResponseCodec.java:200)
at org.openqa.selenium.remote.codec.w3c.W3CHttpResponseCodec.decode(W3CHttpResponseCodec.java:133)
at org.openqa.selenium.remote.codec.w3c.W3CHttpResponseCodec.decode(W3CHttpResponseCodec.java:53)
at org.openqa.selenium.remote.HttpCommandExecutor.execute(HttpCommandExecutor.java:184)
at org.openqa.selenium.remote.service.DriverCommandExecutor.invokeExecute(DriverCommandExecutor.java:167)
at org.openqa.selenium.remote.service.DriverCommandExecutor.execute(DriverCommandExecutor.java:142)
at org.openqa.selenium.remote.RemoteWebDriver.execute(RemoteWebDriver.java:543)
at org.openqa.selenium.remote.ElementLocation$ElementFinder$2.findElement(ElementLocation.java:162)
at org.openqa.selenium.remote.ElementLocation.findElement(ElementLocation.java:60)
at org.openqa.selenium.remote.RemoteWebDriver.findElement(RemoteWebDriver.java:367)
at org.openqa.selenium.remote.RemoteWebDriver.findElement(RemoteWebDriver.java:359)
at com.epam.healenium.handlers.proxy.BaseHandler.findElement(BaseHandler.java:62)
at com.epam.healenium.handlers.proxy.SelfHealingProxyInvocationHandler.invoke(SelfHealingProxyInvocationHandler.java:39)
at jdk.proxy2/jdk.proxy2.$Proxy41.findElement(Unknown Source)
at org.openqa.selenium.support.pagefactory.DefaultElementLocator.findElement(DefaultElementLocator.java:70)
at org.openqa.selenium.support.pagefactory.internal.LocatingElementHandler.invoke(LocatingElementHandler.java:39)
at jdk.proxy2/jdk.proxy2.$Proxy45.isDisplayed(Unknown Source)
at com.sogeti.automation.test.pageFactory.E2CO_MyApplicationPage.verifyArtifactIsDeletedMessage(E2CO_MyApplicationPage.java:298)
at stepdefinitions.E2COTestSteps.verifyUserNotAbleToSeeDeletedArtifact(E2COTestSteps.java:551)
at ✽.user is not able to find the deleted artifactId(file:///C:/Users/APathrut/eclipse-workspace/e2colitmus/E2CO%2520Automation/src/test/resources/Features/WebUITests/E2COTests_MyApplication.feature:38)
]]>
    </error>
  </testcase> <!-- runScenario -->
  <system-out>
    <![CDATA[| Received parameter 'TestEnvironment' = QA| 
| Initializing self healing driver| 
| New driver instantiated.| 
| Received parameter 'TestEnvironment' = QA| 
| Scenario Name: user able to delete artifact| 
| Received parameter 'TestEnvironment' = QA| 
| Entered username| 
| Entered password| 
| Clicked on my application menu| 
| Selected container| 
| Container as service selected| 
| Clicked on select artifact| 
| Artifact List is displayed| 
| Clicked Delete Button| 
| Confirmed for deletion of artiofact| 
| Execution status is: FAILED| ]]>
  </system-out>
  <testcase classname="runner.TestRunner" name="runScenario" time="44.381">
    <error message="no such element: Unable to locate element: {&quot;method&quot;:&quot;xpath&quot;,&quot;selector&quot;:&quot;//div[contains(text(),&#039;Artifact Deleted !&#039;)]&quot;}
  (Session info: chrome=110.0.5481.77)
For documentation on this error, please visit: https://selenium.dev/exceptions/#no_such_element
Build info: version: &#039;4.1.1&#039;, revision: &#039;e8fcc2cecf&#039;
System info: host: &#039;LIN24010693&#039;, ip: &#039;192.168.1.207&#039;, os.name: &#039;Windows 10&#039;, os.arch: &#039;amd64&#039;, os.version: &#039;10.0&#039;, java.version: &#039;16&#039;
Driver info: org.openqa.selenium.chrome.ChromeDriver
Command: [c21ccbe91eacc9967a5da8d82a781dda, findElement {using=xpath, value=//div[contains(text(),&#039;Artifact Deleted !&#039;)]}]
Capabilities {acceptInsecureCerts: false, browserName: chrome, browserVersion: 110.0.5481.77, chrome: {chromedriverVersion: 110.0.5481.77 (65ed616c6e8e..., userDataDir: C:\Program Files (x86)\scop...}, goog:chromeOptions: {debuggerAddress: localhost:52982}, javascriptEnabled: true, networkConnectionEnabled: false, pageLoadStrategy: eager, platform: WINDOWS, platformName: WINDOWS, proxy: Proxy(), se:cdp: ws://localhost:52982/devtoo..., se:cdpVersion: 110.0.5481.77, setWindowRect: true, strictFileInteractability: false, timeouts: {implicit: 0, pageLoad: 300000, script: 30000}, unhandledPromptBehavior: dismiss and notify, webauthn:extension:credBlob: true, webauthn:extension:largeBlob: true, webauthn:virtualAuthenticators: true}
Session ID: c21ccbe91eacc9967a5da8d82a781dda" type="org.openqa.selenium.NoSuchElementException">
      <![CDATA[org.openqa.selenium.NoSuchElementException: no such element: Unable to locate element: {"method":"xpath","selector":"//div[contains(text(),'Artifact Deleted !')]"}
  (Session info: chrome=110.0.5481.77)
For documentation on this error, please visit: https://selenium.dev/exceptions/#no_such_element
Build info: version: '4.1.1', revision: 'e8fcc2cecf'
System info: host: 'LIN24010693', ip: '192.168.1.207', os.name: 'Windows 10', os.arch: 'amd64', os.version: '10.0', java.version: '16'
Driver info: org.openqa.selenium.chrome.ChromeDriver
Command: [c21ccbe91eacc9967a5da8d82a781dda, findElement {using=xpath, value=//div[contains(text(),'Artifact Deleted !')]}]
Capabilities {acceptInsecureCerts: false, browserName: chrome, browserVersion: 110.0.5481.77, chrome: {chromedriverVersion: 110.0.5481.77 (65ed616c6e8e..., userDataDir: C:\Program Files (x86)\scop...}, goog:chromeOptions: {debuggerAddress: localhost:52982}, javascriptEnabled: true, networkConnectionEnabled: false, pageLoadStrategy: eager, platform: WINDOWS, platformName: WINDOWS, proxy: Proxy(), se:cdp: ws://localhost:52982/devtoo..., se:cdpVersion: 110.0.5481.77, setWindowRect: true, strictFileInteractability: false, timeouts: {implicit: 0, pageLoad: 300000, script: 30000}, unhandledPromptBehavior: dismiss and notify, webauthn:extension:credBlob: true, webauthn:extension:largeBlob: true, webauthn:virtualAuthenticators: true}
Session ID: c21ccbe91eacc9967a5da8d82a781dda
at java.base/jdk.internal.reflect.NativeConstructorAccessorImpl.newInstance0(Native Method)
at java.base/jdk.internal.reflect.NativeConstructorAccessorImpl.newInstance(NativeConstructorAccessorImpl.java:78)
at java.base/jdk.internal.reflect.DelegatingConstructorAccessorImpl.newInstance(DelegatingConstructorAccessorImpl.java:45)
at java.base/java.lang.reflect.Constructor.newInstanceWithCaller(Constructor.java:499)
at java.base/java.lang.reflect.Constructor.newInstance(Constructor.java:480)
at org.openqa.selenium.remote.codec.w3c.W3CHttpResponseCodec.createException(W3CHttpResponseCodec.java:200)
at org.openqa.selenium.remote.codec.w3c.W3CHttpResponseCodec.decode(W3CHttpResponseCodec.java:133)
at org.openqa.selenium.remote.codec.w3c.W3CHttpResponseCodec.decode(W3CHttpResponseCodec.java:53)
at org.openqa.selenium.remote.HttpCommandExecutor.execute(HttpCommandExecutor.java:184)
at org.openqa.selenium.remote.service.DriverCommandExecutor.invokeExecute(DriverCommandExecutor.java:167)
at org.openqa.selenium.remote.service.DriverCommandExecutor.execute(DriverCommandExecutor.java:142)
at org.openqa.selenium.remote.RemoteWebDriver.execute(RemoteWebDriver.java:543)
at org.openqa.selenium.remote.ElementLocation$ElementFinder$2.findElement(ElementLocation.java:162)
at org.openqa.selenium.remote.ElementLocation.findElement(ElementLocation.java:60)
at org.openqa.selenium.remote.RemoteWebDriver.findElement(RemoteWebDriver.java:367)
at org.openqa.selenium.remote.RemoteWebDriver.findElement(RemoteWebDriver.java:359)
at com.epam.healenium.handlers.proxy.BaseHandler.findElement(BaseHandler.java:62)
at com.epam.healenium.handlers.proxy.SelfHealingProxyInvocationHandler.invoke(SelfHealingProxyInvocationHandler.java:39)
at jdk.proxy2/jdk.proxy2.$Proxy41.findElement(Unknown Source)
at org.openqa.selenium.support.pagefactory.DefaultElementLocator.findElement(DefaultElementLocator.java:70)
at org.openqa.selenium.support.pagefactory.internal.LocatingElementHandler.invoke(LocatingElementHandler.java:39)
at jdk.proxy2/jdk.proxy2.$Proxy45.isDisplayed(Unknown Source)
at com.sogeti.automation.test.pageFactory.E2CO_MyApplicationPage.verifyArtifactIsDeletedMessage(E2CO_MyApplicationPage.java:298)
at stepdefinitions.E2COTestSteps.verifyUserNotAbleToSeeDeletedArtifact(E2COTestSteps.java:551)
at ✽.user is not able to find the deleted artifactId(file:///C:/Users/APathrut/eclipse-workspace/e2colitmus/E2CO%2520Automation/src/test/resources/Features/WebUITests/E2COTests_MyApplication.feature:38)
]]>
    </error>
  </testcase> <!-- runScenario -->
  <system-out>
    <![CDATA[| Received parameter 'TestEnvironment' = QA| 
| Initializing self healing driver| 
| New driver instantiated.| 
| Received parameter 'TestEnvironment' = QA| 
| Scenario Name: user able to delete artifact| 
| Received parameter 'TestEnvironment' = QA| 
| Entered username| 
| Entered password| 
| Clicked on my application menu| 
| Selected container| 
| Container as service selected| 
| Clicked on select artifact| 
| Artifact List is displayed| 
| Clicked Delete Button| 
| Confirmed for deletion of artiofact| 
| Execution status is: FAILED| ]]>
  </system-out>
  <testcase classname="runner.TestRunner" name="runScenario" time="41.538"/>
  <system-out>
    <![CDATA[| Received parameter 'TestEnvironment' = QA| 
| Initializing self healing driver| 
| New driver instantiated.| 
| Received parameter 'TestEnvironment' = QA| 
| Scenario Name: user able to delete artifact| 
| Received parameter 'TestEnvironment' = QA| 
| Entered username| 
| Entered password| 
| Clicked on my application menu| 
| Selected container| 
| Container as service selected| 
| Clicked on select artifact| 
| Artifact List is displayed| 
| Clicked Delete Button| 
| Confirmed for deletion of artiofact| 
| Artifact deleted message is displayed| 
| Clicked on close| 
| Artifact is deleted| 
| ArtfacTID is not displayed| 
| ArtfacTID is not displayed| 
| ArtfacTID is not displayed| 
| ArtfacTID is not displayed| 
| ArtfacTID is not displayed| 
| ArtfacTID is not displayed| 
| ArtfacTID is not displayed| 
| ArtfacTID is not displayed| 
| ArtfacTID is not displayed| 
| ArtfacTID is not displayed| 
| ArtfacTID is not displayed| 
| ArtfacTID is not displayed| 
| ArtfacTID is not displayed| 
| ArtfacTID is not displayed| 
| ArtfacTID is not displayed| 
| ArtfacTID is not displayed| 
| ArtfacTID is not displayed| 
| ArtfacTID is not displayed| 
| ArtfacTID is not displayed| 
| ArtfacTID is not displayed| 
| ArtfacTID is not displayed| 
| ArtfacTID is not displayed| 
| ArtfacTID is not displayed| 
| ArtfacTID is not displayed| 
| ArtfacTID is not displayed| 
| ArtfacTID is not displayed| 
| ArtfacTID is not displayed| 
| ArtfacTID is not displayed| 
| ArtfacTID is not displayed| 
| ArtfacTID is not displayed| 
| ArtfacTID is not displayed| 
| Execution status is: PASSED| ]]>
  </system-out>
  <testcase classname="runner.TestRunner" name="runScenario" time="42.392"/>
  <system-out>
    <![CDATA[| Received parameter 'TestEnvironment' = QA| 
| Initializing self healing driver| 
| New driver instantiated.| 
| Received parameter 'TestEnvironment' = QA| 
| Scenario Name: user able to delete artifact| 
| Received parameter 'TestEnvironment' = QA| 
| Entered username| 
| Entered password| 
| Clicked on my application menu| 
| Selected container| 
| Container as service selected| 
| Clicked on select artifact| 
| Artifact List is displayed| 
| Clicked Delete Button| 
| Confirmed for deletion of artiofact| 
| Artifact deleted message is displayed| 
| Clicked on close| 
| Artifact is deleted| 
| ArtfacTID is not displayed| 
| ArtfacTID is not displayed| 
| ArtfacTID is not displayed| 
| ArtfacTID is not displayed| 
| ArtfacTID is not displayed| 
| ArtfacTID is not displayed| 
| ArtfacTID is not displayed| 
| ArtfacTID is not displayed| 
| ArtfacTID is not displayed| 
| ArtfacTID is not displayed| 
| ArtfacTID is not displayed| 
| ArtfacTID is not displayed| 
| ArtfacTID is not displayed| 
| ArtfacTID is not displayed| 
| ArtfacTID is not displayed| 
| ArtfacTID is not displayed| 
| ArtfacTID is not displayed| 
| ArtfacTID is not displayed| 
| ArtfacTID is not displayed| 
| ArtfacTID is not displayed| 
| ArtfacTID is not displayed| 
| ArtfacTID is not displayed| 
| ArtfacTID is not displayed| 
| ArtfacTID is not displayed| 
| ArtfacTID is not displayed| 
| ArtfacTID is not displayed| 
| ArtfacTID is not displayed| 
| ArtfacTID is not displayed| 
| ArtfacTID is not displayed| 
| ArtfacTID is not displayed| 
| ArtfacTID is not displayed| 
| ArtfacTID is not displayed| 
| ArtfacTID is not displayed| 
| ArtfacTID is not displayed| 
| ArtfacTID is not displayed| 
| ArtfacTID is not displayed| 
| ArtfacTID is not displayed| 
| Execution status is: PASSED| ]]>
  </system-out>
</testsuite> <!-- runner.TestRunner -->
