<?xml version="1.0" encoding="UTF-8"?>
<!-- Generated by org.testng.reporters.JUnitReportReporter -->
<testsuite hostname="LIN24010693" failures="0" tests="1" name="runner.TestRunner" time="75.667" errors="0" timestamp="2023-02-27T18:22:16 IST" skipped="0">
  <testcase classname="runner.TestRunner" name="runScenario" time="75.667"/>
  <system-out>
    <![CDATA[| Received parameter 'TestEnvironment' = QA| 
| Received parameter 'ExecutionServer' = Local| 
| Received parameter 'InterfaceType' = Web| 
| Received parameter 'DefaultDownloadPath' = ./src/test/resources/Downloads| 
| Received parameter 'AZURE_KEYVAULT_URL' = | 
| Received parameter 'TestBrowser' = chrome| 
| Received parameter 'UI_BASE_URL' = https://10.139.9.3:31012/MEC/login| 
| Received parameter 'GRID_HUB_PORT' = 4444| 
| Received parameter 'GRID_HUB_IP' = localhost| 
| Received parameter 'UI_USERNAME' = admin| 
| Received parameter 'UI_PASSWORD' = Admin@1234| 
| Received parameter 'UI_DEVUSERNAME' = dev01| 
| Received parameter 'UI_DEVPASSWORD' = Admin@1234| 
| Received parameter 'ScreenshotEnable' = true| 
| Initializing self healing driver| 
| New driver instantiated.| 
| Received parameter 'TestEnvironment' = QA| 
| Scenario Name: user able to onboard application| 
| Received parameter 'TestEnvironment' = QA| 
| Entered username| 
| Entered password| 
| Clicked on my application menu| 
| Selected container| 
| Container as service selected| 
| Clicked on import button| 
| Upload Your File ! is displayed| 
| YAML file is imported| 
| Clicked on submit button| 
| Imported data is displaying on the page| 
| Clicked on select artifact| 
| Artifact List is displayed| 
| Clicked on done button| 
| Updated app name| 
| Latency selected| 
| Zone selected| 
| Updated componenet ID| 
| Updated network| 
| Clicked on submit button| 
| Onboarding request accepted is message displayed| 
| Clicked on close| 
| Application is displayed| 
| Execution status is: PASSED| ]]>
  </system-out>
</testsuite> <!-- runner.TestRunner -->
