<?xml version="1.0" encoding="UTF-8"?>
<!-- Generated by org.testng.reporters.JUnitReportReporter -->
<testsuite hostname="lin20001532" failures="0" tests="1" name="runner.TestRunner" time="35.349" errors="0" timestamp="2023-03-22T12:50:51 IST" skipped="0">
  <testcase classname="runner.TestRunner" name="runScenario" time="35.349"/>
  <system-out>
    <![CDATA[| Received parameter 'TestEnvironment' = QA| 
| Received parameter 'ExecutionServer' = Local| 
| Received parameter 'InterfaceType' = Web| 
| Received parameter 'DefaultDownloadPath' = ./src/test/resources/Downloads| 
| Received parameter 'AZURE_KEYVAULT_URL' = | 
| Received parameter 'TestBrowser' = chrome| 
| Received parameter 'UI_BASE_URL' = https://10.139.9.3:31012/MEC/login| 
| Received parameter 'GRID_HUB_PORT' = 4444| 
| Received parameter 'GRID_HUB_IP' = localhost| 
| Received parameter 'UI_USERNAME' = adminvoda| 
| Received parameter 'UI_PASSWORD' = Admin@1234| 
| Received parameter 'UI_DOMAINNAME' = adminvoda| 
| Received parameter 'UI_DEVUSERNAME' = dev01| 
| Received parameter 'UI_DEVPASSWORD' = Admin@1234| 
| Received parameter 'UI_DEVDOMAINNAME' = default| 
| Received parameter 'ScreenshotEnable' = true| 
| Initializing self healing driver| 
| New driver instantiated.| 
| Received parameter 'TestEnvironment' = QA| 
| Scenario Name: user able to deprovision application for enterprise| 
| Received parameter 'TestEnvironment' = QA| 
| Entered username| 
| Entered password| 
| Entered domain| 
| User icon is displayed.| 
| Clicked on my application menu for enterprise.| 
| Clicked on application which is onboarded or onboardingpending| 
| User is on application provision page| 
| Click on deboarding button| 
| Deboarding warning popup message is displayed| 
| Clicked on confirm button| 
| App is successfully deboarded| 
| Execution status is: PASSED| ]]>
  </system-out>
</testsuite> <!-- runner.TestRunner -->
